[ 2019-07-25T08:42:51+08:00 ] 127.0.0.1 127.0.0.1 GET /forum/common/register.html
[ log ] www.layuicms.cc/forum/common/register.html [运行时间：0.322000s][吞吐率：3.11req/s] [内存消耗：2,362.52kb] [文件加载：53]
[ info ] [ ROUTE ] array (
  'type' => 'module',
  'module' => 
  array (
    0 => 'forum',
    1 => 'common',
    2 => 'register',
  ),
)
[ info ] [ HEADER ] array (
  'host' => 'www.layuicms.cc',
  'connection' => 'keep-alive',
  'cache-control' => 'max-age=0',
  'upgrade-insecure-requests' => '1',
  'user-agent' => 'Mozilla/5.0 (Windows NT 6.1; WOW64) AppleWebKit/537.36 (KHTML, like Gecko) Chrome/69.0.3497.100 Safari/537.36',
  'accept' => 'text/html,application/xhtml+xml,application/xml;q=0.9,image/webp,image/apng,*/*;q=0.8',
  'referer' => 'http://www.layuicms.cc/forum/common/login',
  'accept-encoding' => 'gzip, deflate',
  'accept-language' => 'zh-CN,zh;q=0.9',
  'cookie' => 'pgv_pvi=7679657984; UM_distinctid=16c0e93d6ea46e-0424c4b7df7763-43450521-1fa400-16c0e93d6ec7e0; CNZZDATA30088308=cnzz_eid%3D1057765405-1563610178-%26ntime%3D1563941981',
)
[ info ] [ PARAM ] array (
  '/forum/common/register_html' => '',
)
[ info ] [ DB ] INIT mysql
[ info ] [ RUN ] /**
     * [register 注册页面]
     * @return [type] [description]
     */
Method [ <user> public method register ] {
  @@ D:\phpStudy\PHPTutorial\WWW\layuicms\application\forum\controller\Common.php 57 - 61
}

[ info ] [ VIEW ] D:\phpStudy\PHPTutorial\WWW\layuicms/application/forum\view\common\register.html [ array (
  0 => 'getConfig',
  1 => 'getSeoTitle',
) ]
[ info ] [ LOG ] INIT File
[ sql ] [ DB ] CONNECT:[ UseTime:0.026000s ] mysql:dbname=layuicms;host=127.0.0.1;charset=utf8
[ sql ] [ SQL ] SHOW COLUMNS FROM `tp_config` [ RunTime:0.028000s ]
[ sql ] [ SQL ] SELECT `name`,`value` FROM `tp_config` WHERE  `type` = 'forum'   [ RunTime:0.001000s ]

---------------------------------------------------------------
[ 2019-07-25T08:42:51+08:00 ] 127.0.0.1 127.0.0.1 GET /captcha.html
[ log ] www.layuicms.cc/captcha.html [运行时间：0.123000s][吞吐率：8.13req/s] [内存消耗：1,294.89kb] [文件加载：35]
[ info ] [ ROUTE ] array (
  'type' => 'method',
  'method' => 
  array (
    0 => '\\think\\captcha\\CaptchaController',
    1 => 'index',
  ),
)
[ info ] [ HEADER ] array (
  'host' => 'www.layuicms.cc',
  'connection' => 'keep-alive',
  'user-agent' => 'Mozilla/5.0 (Windows NT 6.1; WOW64) AppleWebKit/537.36 (KHTML, like Gecko) Chrome/69.0.3497.100 Safari/537.36',
  'accept' => 'image/webp,image/apng,image/*,*/*;q=0.8',
  'referer' => 'http://www.layuicms.cc/forum/common/register.html',
  'accept-encoding' => 'gzip, deflate',
  'accept-language' => 'zh-CN,zh;q=0.9',
  'cookie' => 'pgv_pvi=7679657984; UM_distinctid=16c0e93d6ea46e-0424c4b7df7763-43450521-1fa400-16c0e93d6ec7e0; CNZZDATA30088308=cnzz_eid%3D1057765405-1563610178-%26ntime%3D1563941981',
)
[ info ] [ PARAM ] array (
  '/captcha_html' => '',
  'id' => NULL,
)
[ info ] [ RUN ] Method [ <user> public method index ] {
  @@ D:\phpStudy\PHPTutorial\WWW\layuicms\vendor\topthink\think-captcha\src\CaptchaController.php 18 - 22

  - Parameters [1] {
    Parameter #0 [ <optional> $id = '' ]
  }
}

[ info ] [ SESSION ] INIT array (
  'id' => '',
  'var_session_id' => '',
  'prefix' => 'think',
  'type' => '',
  'auto_start' => true,
)
[ info ] [ LOG ] INIT File

---------------------------------------------------------------
[ 2019-07-25T08:43:10+08:00 ] 127.0.0.1 127.0.0.1 GET /forum/common/register.html
[ log ] www.layuicms.cc/forum/common/register.html [运行时间：0.075000s][吞吐率：13.33req/s] [内存消耗：2,362.54kb] [文件加载：53]
[ info ] [ ROUTE ] array (
  'type' => 'module',
  'module' => 
  array (
    0 => 'forum',
    1 => 'common',
    2 => 'register',
  ),
)
[ info ] [ HEADER ] array (
  'host' => 'www.layuicms.cc',
  'connection' => 'keep-alive',
  'cache-control' => 'max-age=0',
  'upgrade-insecure-requests' => '1',
  'user-agent' => 'Mozilla/5.0 (Windows NT 6.1; WOW64) AppleWebKit/537.36 (KHTML, like Gecko) Chrome/69.0.3497.100 Safari/537.36',
  'accept' => 'text/html,application/xhtml+xml,application/xml;q=0.9,image/webp,image/apng,*/*;q=0.8',
  'referer' => 'http://www.layuicms.cc/forum/common/login',
  'accept-encoding' => 'gzip, deflate',
  'accept-language' => 'zh-CN,zh;q=0.9',
  'cookie' => 'pgv_pvi=7679657984; UM_distinctid=16c0e93d6ea46e-0424c4b7df7763-43450521-1fa400-16c0e93d6ec7e0; CNZZDATA30088308=cnzz_eid%3D1057765405-1563610178-%26ntime%3D1563941981; PHPSESSID=27eopfejodq6f63rlbic7kois7',
)
[ info ] [ PARAM ] array (
  '/forum/common/register_html' => '',
)
[ info ] [ DB ] INIT mysql
[ info ] [ RUN ] /**
     * [register 注册页面]
     * @return [type] [description]
     */
Method [ <user> public method register ] {
  @@ D:\phpStudy\PHPTutorial\WWW\layuicms\application\forum\controller\Common.php 57 - 61
}

[ info ] [ VIEW ] D:\phpStudy\PHPTutorial\WWW\layuicms/application/forum\view\common\register.html [ array (
  0 => 'getConfig',
  1 => 'getSeoTitle',
) ]
[ info ] [ LOG ] INIT File
[ sql ] [ DB ] CONNECT:[ UseTime:0.010000s ] mysql:dbname=layuicms;host=127.0.0.1;charset=utf8
[ sql ] [ SQL ] SHOW COLUMNS FROM `tp_config` [ RunTime:0.003000s ]
[ sql ] [ SQL ] SELECT `name`,`value` FROM `tp_config` WHERE  `type` = 'forum'   [ RunTime:0.000000s ]

---------------------------------------------------------------
[ 2019-07-25T08:43:10+08:00 ] 127.0.0.1 127.0.0.1 GET /captcha.html
[ log ] www.layuicms.cc/captcha.html [运行时间：0.050000s][吞吐率：20.00req/s] [内存消耗：1,294.89kb] [文件加载：35]
[ info ] [ ROUTE ] array (
  'type' => 'method',
  'method' => 
  array (
    0 => '\\think\\captcha\\CaptchaController',
    1 => 'index',
  ),
)
[ info ] [ HEADER ] array (
  'host' => 'www.layuicms.cc',
  'connection' => 'keep-alive',
  'user-agent' => 'Mozilla/5.0 (Windows NT 6.1; WOW64) AppleWebKit/537.36 (KHTML, like Gecko) Chrome/69.0.3497.100 Safari/537.36',
  'accept' => 'image/webp,image/apng,image/*,*/*;q=0.8',
  'referer' => 'http://www.layuicms.cc/forum/common/register.html',
  'accept-encoding' => 'gzip, deflate',
  'accept-language' => 'zh-CN,zh;q=0.9',
  'cookie' => 'pgv_pvi=7679657984; UM_distinctid=16c0e93d6ea46e-0424c4b7df7763-43450521-1fa400-16c0e93d6ec7e0; CNZZDATA30088308=cnzz_eid%3D1057765405-1563610178-%26ntime%3D1563941981; PHPSESSID=27eopfejodq6f63rlbic7kois7',
)
[ info ] [ PARAM ] array (
  '/captcha_html' => '',
  'id' => NULL,
)
[ info ] [ RUN ] Method [ <user> public method index ] {
  @@ D:\phpStudy\PHPTutorial\WWW\layuicms\vendor\topthink\think-captcha\src\CaptchaController.php 18 - 22

  - Parameters [1] {
    Parameter #0 [ <optional> $id = '' ]
  }
}

[ info ] [ SESSION ] INIT array (
  'id' => '',
  'var_session_id' => '',
  'prefix' => 'think',
  'type' => '',
  'auto_start' => true,
)
[ info ] [ LOG ] INIT File

---------------------------------------------------------------
[ 2019-07-25T08:43:11+08:00 ] 127.0.0.1 127.0.0.1 GET /forum/common/login.html
[ log ] www.layuicms.cc/forum/common/login.html [运行时间：0.063000s][吞吐率：15.87req/s] [内存消耗：2,362.35kb] [文件加载：53]
[ info ] [ ROUTE ] array (
  'type' => 'module',
  'module' => 
  array (
    0 => 'forum',
    1 => 'common',
    2 => 'login',
  ),
)
[ info ] [ HEADER ] array (
  'host' => 'www.layuicms.cc',
  'connection' => 'keep-alive',
  'upgrade-insecure-requests' => '1',
  'user-agent' => 'Mozilla/5.0 (Windows NT 6.1; WOW64) AppleWebKit/537.36 (KHTML, like Gecko) Chrome/69.0.3497.100 Safari/537.36',
  'accept' => 'text/html,application/xhtml+xml,application/xml;q=0.9,image/webp,image/apng,*/*;q=0.8',
  'referer' => 'http://www.layuicms.cc/forum/common/register.html',
  'accept-encoding' => 'gzip, deflate',
  'accept-language' => 'zh-CN,zh;q=0.9',
  'cookie' => 'pgv_pvi=7679657984; UM_distinctid=16c0e93d6ea46e-0424c4b7df7763-43450521-1fa400-16c0e93d6ec7e0; CNZZDATA30088308=cnzz_eid%3D1057765405-1563610178-%26ntime%3D1563941981; PHPSESSID=27eopfejodq6f63rlbic7kois7',
)
[ info ] [ PARAM ] array (
  '/forum/common/login_html' => '',
)
[ info ] [ DB ] INIT mysql
[ info ] [ RUN ] /**
     * [login 登录页面]
     * @return [type] [description]
     */
Method [ <user> public method login ] {
  @@ D:\phpStudy\PHPTutorial\WWW\layuicms\application\forum\controller\Common.php 39 - 43
}

[ info ] [ VIEW ] D:\phpStudy\PHPTutorial\WWW\layuicms/application/forum\view\common\login.html [ array (
  0 => 'getConfig',
  1 => 'getSeoTitle',
) ]
[ info ] [ LOG ] INIT File
[ sql ] [ DB ] CONNECT:[ UseTime:0.002000s ] mysql:dbname=layuicms;host=127.0.0.1;charset=utf8
[ sql ] [ SQL ] SHOW COLUMNS FROM `tp_config` [ RunTime:0.003000s ]
[ sql ] [ SQL ] SELECT `name`,`value` FROM `tp_config` WHERE  `type` = 'forum'   [ RunTime:0.001000s ]

---------------------------------------------------------------
[ 2019-07-25T08:44:18+08:00 ] 127.0.0.1 127.0.0.1 GET /forum/common/login.html
[ log ] www.layuicms.cc/forum/common/login.html [运行时间：0.058000s][吞吐率：17.24req/s] [内存消耗：2,361.99kb] [文件加载：53]
[ info ] [ ROUTE ] array (
  'type' => 'module',
  'module' => 
  array (
    0 => 'forum',
    1 => 'common',
    2 => 'login',
  ),
)
[ info ] [ HEADER ] array (
  'host' => 'www.layuicms.cc',
  'connection' => 'keep-alive',
  'cache-control' => 'max-age=0',
  'upgrade-insecure-requests' => '1',
  'user-agent' => 'Mozilla/5.0 (Windows NT 6.1; WOW64) AppleWebKit/537.36 (KHTML, like Gecko) Chrome/69.0.3497.100 Safari/537.36',
  'accept' => 'text/html,application/xhtml+xml,application/xml;q=0.9,image/webp,image/apng,*/*;q=0.8',
  'referer' => 'http://www.layuicms.cc/forum/common/register.html',
  'accept-encoding' => 'gzip, deflate',
  'accept-language' => 'zh-CN,zh;q=0.9',
  'cookie' => 'pgv_pvi=7679657984; UM_distinctid=16c0e93d6ea46e-0424c4b7df7763-43450521-1fa400-16c0e93d6ec7e0; CNZZDATA30088308=cnzz_eid%3D1057765405-1563610178-%26ntime%3D1563941981; PHPSESSID=27eopfejodq6f63rlbic7kois7',
)
[ info ] [ PARAM ] array (
  '/forum/common/login_html' => '',
)
[ info ] [ DB ] INIT mysql
[ info ] [ RUN ] /**
     * [login 登录页面]
     * @return [type] [description]
     */
Method [ <user> public method login ] {
  @@ D:\phpStudy\PHPTutorial\WWW\layuicms\application\forum\controller\Common.php 39 - 43
}

[ info ] [ VIEW ] D:\phpStudy\PHPTutorial\WWW\layuicms/application/forum\view\common\login.html [ array (
  0 => 'getConfig',
  1 => 'getSeoTitle',
) ]
[ info ] [ LOG ] INIT File
[ sql ] [ DB ] CONNECT:[ UseTime:0.011000s ] mysql:dbname=layuicms;host=127.0.0.1;charset=utf8
[ sql ] [ SQL ] SHOW COLUMNS FROM `tp_config` [ RunTime:0.004000s ]
[ sql ] [ SQL ] SELECT `name`,`value` FROM `tp_config` WHERE  `type` = 'forum'   [ RunTime:0.001000s ]

---------------------------------------------------------------
[ 2019-07-25T08:44:29+08:00 ] 127.0.0.1 127.0.0.1 GET /forum/common/register.html
[ log ] www.layuicms.cc/forum/common/register.html [运行时间：0.073000s][吞吐率：13.70req/s] [内存消耗：2,362.04kb] [文件加载：53]
[ info ] [ ROUTE ] array (
  'type' => 'module',
  'module' => 
  array (
    0 => 'forum',
    1 => 'common',
    2 => 'register',
  ),
)
[ info ] [ HEADER ] array (
  'host' => 'www.layuicms.cc',
  'connection' => 'keep-alive',
  'upgrade-insecure-requests' => '1',
  'user-agent' => 'Mozilla/5.0 (Windows NT 6.1; WOW64) AppleWebKit/537.36 (KHTML, like Gecko) Chrome/69.0.3497.100 Safari/537.36',
  'accept' => 'text/html,application/xhtml+xml,application/xml;q=0.9,image/webp,image/apng,*/*;q=0.8',
  'referer' => 'http://www.layuicms.cc/forum/common/login.html',
  'accept-encoding' => 'gzip, deflate',
  'accept-language' => 'zh-CN,zh;q=0.9',
  'cookie' => 'pgv_pvi=7679657984; UM_distinctid=16c0e93d6ea46e-0424c4b7df7763-43450521-1fa400-16c0e93d6ec7e0; CNZZDATA30088308=cnzz_eid%3D1057765405-1563610178-%26ntime%3D1563941981; PHPSESSID=27eopfejodq6f63rlbic7kois7',
)
[ info ] [ PARAM ] array (
  '/forum/common/register_html' => '',
)
[ info ] [ DB ] INIT mysql
[ info ] [ RUN ] /**
     * [register 注册页面]
     * @return [type] [description]
     */
Method [ <user> public method register ] {
  @@ D:\phpStudy\PHPTutorial\WWW\layuicms\application\forum\controller\Common.php 57 - 61
}

[ info ] [ VIEW ] D:\phpStudy\PHPTutorial\WWW\layuicms/application/forum\view\common\register.html [ array (
  0 => 'getConfig',
  1 => 'getSeoTitle',
) ]
[ info ] [ LOG ] INIT File
[ sql ] [ DB ] CONNECT:[ UseTime:0.011000s ] mysql:dbname=layuicms;host=127.0.0.1;charset=utf8
[ sql ] [ SQL ] SHOW COLUMNS FROM `tp_config` [ RunTime:0.006000s ]
[ sql ] [ SQL ] SELECT `name`,`value` FROM `tp_config` WHERE  `type` = 'forum'   [ RunTime:0.000000s ]

---------------------------------------------------------------
[ 2019-07-25T08:44:29+08:00 ] 127.0.0.1 127.0.0.1 GET /captcha.html
[ log ] www.layuicms.cc/captcha.html [运行时间：0.034000s][吞吐率：29.41req/s] [内存消耗：1,294.85kb] [文件加载：35]
[ info ] [ ROUTE ] array (
  'type' => 'method',
  'method' => 
  array (
    0 => '\\think\\captcha\\CaptchaController',
    1 => 'index',
  ),
)
[ info ] [ HEADER ] array (
  'host' => 'www.layuicms.cc',
  'connection' => 'keep-alive',
  'user-agent' => 'Mozilla/5.0 (Windows NT 6.1; WOW64) AppleWebKit/537.36 (KHTML, like Gecko) Chrome/69.0.3497.100 Safari/537.36',
  'accept' => 'image/webp,image/apng,image/*,*/*;q=0.8',
  'referer' => 'http://www.layuicms.cc/forum/common/register.html',
  'accept-encoding' => 'gzip, deflate',
  'accept-language' => 'zh-CN,zh;q=0.9',
  'cookie' => 'pgv_pvi=7679657984; UM_distinctid=16c0e93d6ea46e-0424c4b7df7763-43450521-1fa400-16c0e93d6ec7e0; CNZZDATA30088308=cnzz_eid%3D1057765405-1563610178-%26ntime%3D1563941981; PHPSESSID=27eopfejodq6f63rlbic7kois7',
)
[ info ] [ PARAM ] array (
  '/captcha_html' => '',
  'id' => NULL,
)
[ info ] [ RUN ] Method [ <user> public method index ] {
  @@ D:\phpStudy\PHPTutorial\WWW\layuicms\vendor\topthink\think-captcha\src\CaptchaController.php 18 - 22

  - Parameters [1] {
    Parameter #0 [ <optional> $id = '' ]
  }
}

[ info ] [ SESSION ] INIT array (
  'id' => '',
  'var_session_id' => '',
  'prefix' => 'think',
  'type' => '',
  'auto_start' => true,
)
[ info ] [ LOG ] INIT File

---------------------------------------------------------------
[ 2019-07-25T08:44:30+08:00 ] 127.0.0.1 127.0.0.1 POST /forum/common/getemailcode.html
[ log ] www.layuicms.cc/forum/common/getemailcode.html [运行时间：0.058000s][吞吐率：17.24req/s] [内存消耗：2,277.59kb] [文件加载：49]
[ info ] [ ROUTE ] array (
  'type' => 'module',
  'module' => 
  array (
    0 => 'forum',
    1 => 'common',
    2 => 'getemailcode',
  ),
)
[ info ] [ HEADER ] array (
  'host' => 'www.layuicms.cc',
  'connection' => 'keep-alive',
  'accept' => 'application/json, text/javascript, */*; q=0.01',
  'origin' => 'http://www.layuicms.cc',
  'x-requested-with' => 'XMLHttpRequest',
  'user-agent' => 'Mozilla/5.0 (Windows NT 6.1; WOW64) AppleWebKit/537.36 (KHTML, like Gecko) Chrome/69.0.3497.100 Safari/537.36',
  'referer' => 'http://www.layuicms.cc/forum/common/register.html',
  'accept-encoding' => 'gzip, deflate',
  'accept-language' => 'zh-CN,zh;q=0.9',
  'cookie' => 'pgv_pvi=7679657984; UM_distinctid=16c0e93d6ea46e-0424c4b7df7763-43450521-1fa400-16c0e93d6ec7e0; CNZZDATA30088308=cnzz_eid%3D1057765405-1563610178-%26ntime%3D1563941981; PHPSESSID=27eopfejodq6f63rlbic7kois7',
  'content-type' => 'application/x-www-form-urlencoded; charset=UTF-8',
  'content-length' => '16',
)
[ info ] [ PARAM ] array (
  '/forum/common/getemailcode_html' => '',
  'L_code' => '',
  'L_email' => '',
)
[ info ] [ DB ] INIT mysql
[ info ] [ RUN ] /**
     * [getEmailCode 获取邮箱验证码]
     * @return [type] [description]
     */
Method [ <user> public method getEmailCode ] {
  @@ D:\phpStudy\PHPTutorial\WWW\layuicms\application\forum\controller\Common.php 93 - 97
}

[ info ] [ LOG ] INIT File
[ sql ] [ DB ] CONNECT:[ UseTime:0.010000s ] mysql:dbname=layuicms;host=127.0.0.1;charset=utf8
[ sql ] [ SQL ] SHOW COLUMNS FROM `tp_config` [ RunTime:0.005000s ]
[ sql ] [ SQL ] SELECT `name`,`value` FROM `tp_config` WHERE  `type` = 'forum'   [ RunTime:0.001000s ]

---------------------------------------------------------------
[ 2019-07-25T08:44:44+08:00 ] 127.0.0.1 127.0.0.1 GET /forum/common/register.html
[ log ] www.layuicms.cc/forum/common/register.html [运行时间：0.132000s][吞吐率：7.58req/s] [内存消耗：2,514.97kb] [文件加载：55]
[ info ] [ ROUTE ] array (
  'type' => 'module',
  'module' => 
  array (
    0 => 'forum',
    1 => 'common',
    2 => 'register',
  ),
)
[ info ] [ HEADER ] array (
  'host' => 'www.layuicms.cc',
  'connection' => 'keep-alive',
  'cache-control' => 'max-age=0',
  'upgrade-insecure-requests' => '1',
  'user-agent' => 'Mozilla/5.0 (Windows NT 6.1; WOW64) AppleWebKit/537.36 (KHTML, like Gecko) Chrome/69.0.3497.100 Safari/537.36',
  'accept' => 'text/html,application/xhtml+xml,application/xml;q=0.9,image/webp,image/apng,*/*;q=0.8',
  'referer' => 'http://www.layuicms.cc/forum/common/login.html',
  'accept-encoding' => 'gzip, deflate',
  'accept-language' => 'zh-CN,zh;q=0.9',
  'cookie' => 'pgv_pvi=7679657984; UM_distinctid=16c0e93d6ea46e-0424c4b7df7763-43450521-1fa400-16c0e93d6ec7e0; CNZZDATA30088308=cnzz_eid%3D1057765405-1563610178-%26ntime%3D1563941981; PHPSESSID=27eopfejodq6f63rlbic7kois7',
)
[ info ] [ PARAM ] array (
  '/forum/common/register_html' => '',
)
[ info ] [ DB ] INIT mysql
[ info ] [ RUN ] /**
     * [register 注册页面]
     * @return [type] [description]
     */
Method [ <user> public method register ] {
  @@ D:\phpStudy\PHPTutorial\WWW\layuicms\application\forum\controller\Common.php 57 - 61
}

[ info ] [ VIEW ] D:\phpStudy\PHPTutorial\WWW\layuicms/application/forum\view\common\register.html [ array (
  0 => 'getConfig',
  1 => 'getSeoTitle',
) ]
[ info ] [ LOG ] INIT File
[ sql ] [ DB ] CONNECT:[ UseTime:0.001000s ] mysql:dbname=layuicms;host=127.0.0.1;charset=utf8
[ sql ] [ SQL ] SHOW COLUMNS FROM `tp_config` [ RunTime:0.006000s ]
[ sql ] [ SQL ] SELECT `name`,`value` FROM `tp_config` WHERE  `type` = 'forum'   [ RunTime:0.000000s ]

---------------------------------------------------------------
[ 2019-07-25T08:44:44+08:00 ] 127.0.0.1 127.0.0.1 GET /captcha.html
[ log ] www.layuicms.cc/captcha.html [运行时间：0.029000s][吞吐率：34.48req/s] [内存消耗：1,294.86kb] [文件加载：35]
[ info ] [ ROUTE ] array (
  'type' => 'method',
  'method' => 
  array (
    0 => '\\think\\captcha\\CaptchaController',
    1 => 'index',
  ),
)
[ info ] [ HEADER ] array (
  'host' => 'www.layuicms.cc',
  'connection' => 'keep-alive',
  'user-agent' => 'Mozilla/5.0 (Windows NT 6.1; WOW64) AppleWebKit/537.36 (KHTML, like Gecko) Chrome/69.0.3497.100 Safari/537.36',
  'accept' => 'image/webp,image/apng,image/*,*/*;q=0.8',
  'referer' => 'http://www.layuicms.cc/forum/common/register.html',
  'accept-encoding' => 'gzip, deflate',
  'accept-language' => 'zh-CN,zh;q=0.9',
  'cookie' => 'pgv_pvi=7679657984; UM_distinctid=16c0e93d6ea46e-0424c4b7df7763-43450521-1fa400-16c0e93d6ec7e0; CNZZDATA30088308=cnzz_eid%3D1057765405-1563610178-%26ntime%3D1563941981; PHPSESSID=27eopfejodq6f63rlbic7kois7',
)
[ info ] [ PARAM ] array (
  '/captcha_html' => '',
  'id' => NULL,
)
[ info ] [ RUN ] Method [ <user> public method index ] {
  @@ D:\phpStudy\PHPTutorial\WWW\layuicms\vendor\topthink\think-captcha\src\CaptchaController.php 18 - 22

  - Parameters [1] {
    Parameter #0 [ <optional> $id = '' ]
  }
}

[ info ] [ SESSION ] INIT array (
  'id' => '',
  'var_session_id' => '',
  'prefix' => 'think',
  'type' => '',
  'auto_start' => true,
)
[ info ] [ LOG ] INIT File

---------------------------------------------------------------
[ 2019-07-25T08:44:45+08:00 ] 127.0.0.1 127.0.0.1 POST /forum/common/getemailcode.html
[ log ] www.layuicms.cc/forum/common/getemailcode.html [运行时间：0.073000s][吞吐率：13.70req/s] [内存消耗：2,278.30kb] [文件加载：49]
[ info ] [ ROUTE ] array (
  'type' => 'module',
  'module' => 
  array (
    0 => 'forum',
    1 => 'common',
    2 => 'getemailcode',
  ),
)
[ info ] [ HEADER ] array (
  'host' => 'www.layuicms.cc',
  'connection' => 'keep-alive',
  'accept' => 'application/json, text/javascript, */*; q=0.01',
  'origin' => 'http://www.layuicms.cc',
  'x-requested-with' => 'XMLHttpRequest',
  'user-agent' => 'Mozilla/5.0 (Windows NT 6.1; WOW64) AppleWebKit/537.36 (KHTML, like Gecko) Chrome/69.0.3497.100 Safari/537.36',
  'referer' => 'http://www.layuicms.cc/forum/common/register.html',
  'accept-encoding' => 'gzip, deflate',
  'accept-language' => 'zh-CN,zh;q=0.9',
  'cookie' => 'pgv_pvi=7679657984; UM_distinctid=16c0e93d6ea46e-0424c4b7df7763-43450521-1fa400-16c0e93d6ec7e0; CNZZDATA30088308=cnzz_eid%3D1057765405-1563610178-%26ntime%3D1563941981; PHPSESSID=27eopfejodq6f63rlbic7kois7',
  'content-type' => 'application/x-www-form-urlencoded; charset=UTF-8',
  'content-length' => '16',
)
[ info ] [ PARAM ] array (
  '/forum/common/getemailcode_html' => '',
  'L_code' => '',
  'L_email' => '',
)
[ info ] [ DB ] INIT mysql
[ info ] [ RUN ] /**
     * [getEmailCode 获取邮箱验证码]
     * @return [type] [description]
     */
Method [ <user> public method getEmailCode ] {
  @@ D:\phpStudy\PHPTutorial\WWW\layuicms\application\forum\controller\Common.php 93 - 97
}

[ info ] [ LOG ] INIT File
[ sql ] [ DB ] CONNECT:[ UseTime:0.011000s ] mysql:dbname=layuicms;host=127.0.0.1;charset=utf8
[ sql ] [ SQL ] SHOW COLUMNS FROM `tp_config` [ RunTime:0.004000s ]
[ sql ] [ SQL ] SELECT `name`,`value` FROM `tp_config` WHERE  `type` = 'forum'   [ RunTime:0.000000s ]

---------------------------------------------------------------
[ 2019-07-25T08:44:46+08:00 ] 127.0.0.1 127.0.0.1 GET /captcha?id=1564015486
[ log ] www.layuicms.cc/captcha?id=1564015486 [运行时间：0.022000s][吞吐率：45.45req/s] [内存消耗：1,294.73kb] [文件加载：35]
[ info ] [ ROUTE ] array (
  'type' => 'method',
  'method' => 
  array (
    0 => '\\think\\captcha\\CaptchaController',
    1 => 'index',
  ),
)
[ info ] [ HEADER ] array (
  'host' => 'www.layuicms.cc',
  'connection' => 'keep-alive',
  'user-agent' => 'Mozilla/5.0 (Windows NT 6.1; WOW64) AppleWebKit/537.36 (KHTML, like Gecko) Chrome/69.0.3497.100 Safari/537.36',
  'accept' => 'image/webp,image/apng,image/*,*/*;q=0.8',
  'referer' => 'http://www.layuicms.cc/forum/common/register.html',
  'accept-encoding' => 'gzip, deflate',
  'accept-language' => 'zh-CN,zh;q=0.9',
  'cookie' => 'pgv_pvi=7679657984; UM_distinctid=16c0e93d6ea46e-0424c4b7df7763-43450521-1fa400-16c0e93d6ec7e0; CNZZDATA30088308=cnzz_eid%3D1057765405-1563610178-%26ntime%3D1563941981; PHPSESSID=27eopfejodq6f63rlbic7kois7',
)
[ info ] [ PARAM ] array (
  '/captcha' => '',
  'id' => NULL,
)
[ info ] [ RUN ] Method [ <user> public method index ] {
  @@ D:\phpStudy\PHPTutorial\WWW\layuicms\vendor\topthink\think-captcha\src\CaptchaController.php 18 - 22

  - Parameters [1] {
    Parameter #0 [ <optional> $id = '' ]
  }
}

[ info ] [ SESSION ] INIT array (
  'id' => '',
  'var_session_id' => '',
  'prefix' => 'think',
  'type' => '',
  'auto_start' => true,
)
[ info ] [ LOG ] INIT File

---------------------------------------------------------------
[ 2019-07-25T08:44:54+08:00 ] 127.0.0.1 127.0.0.1 POST /forum/common/getemailcode.html
[ log ] www.layuicms.cc/forum/common/getemailcode.html [运行时间：0.070000s][吞吐率：14.29req/s] [内存消耗：2,278.39kb] [文件加载：49]
[ info ] [ ROUTE ] array (
  'type' => 'module',
  'module' => 
  array (
    0 => 'forum',
    1 => 'common',
    2 => 'getemailcode',
  ),
)
[ info ] [ HEADER ] array (
  'host' => 'www.layuicms.cc',
  'connection' => 'keep-alive',
  'accept' => 'application/json, text/javascript, */*; q=0.01',
  'origin' => 'http://www.layuicms.cc',
  'x-requested-with' => 'XMLHttpRequest',
  'user-agent' => 'Mozilla/5.0 (Windows NT 6.1; WOW64) AppleWebKit/537.36 (KHTML, like Gecko) Chrome/69.0.3497.100 Safari/537.36',
  'referer' => 'http://www.layuicms.cc/forum/common/register.html',
  'accept-encoding' => 'gzip, deflate',
  'accept-language' => 'zh-CN,zh;q=0.9',
  'cookie' => 'pgv_pvi=7679657984; UM_distinctid=16c0e93d6ea46e-0424c4b7df7763-43450521-1fa400-16c0e93d6ec7e0; CNZZDATA30088308=cnzz_eid%3D1057765405-1563610178-%26ntime%3D1563941981; PHPSESSID=27eopfejodq6f63rlbic7kois7',
  'content-type' => 'application/x-www-form-urlencoded; charset=UTF-8',
  'content-length' => '35',
)
[ info ] [ PARAM ] array (
  '/forum/common/getemailcode_html' => '',
  'L_code' => '',
  'L_email' => '2722279500@qq.com',
)
[ info ] [ DB ] INIT mysql
[ info ] [ RUN ] /**
     * [getEmailCode 获取邮箱验证码]
     * @return [type] [description]
     */
Method [ <user> public method getEmailCode ] {
  @@ D:\phpStudy\PHPTutorial\WWW\layuicms\application\forum\controller\Common.php 93 - 97
}

[ info ] [ LOG ] INIT File
[ sql ] [ DB ] CONNECT:[ UseTime:0.010000s ] mysql:dbname=layuicms;host=127.0.0.1;charset=utf8
[ sql ] [ SQL ] SHOW COLUMNS FROM `tp_config` [ RunTime:0.005000s ]
[ sql ] [ SQL ] SELECT `name`,`value` FROM `tp_config` WHERE  `type` = 'forum'   [ RunTime:0.000000s ]

---------------------------------------------------------------
[ 2019-07-25T08:44:57+08:00 ] 127.0.0.1 127.0.0.1 GET /captcha?id=1564015497
[ log ] www.layuicms.cc/captcha?id=1564015497 [运行时间：0.022000s][吞吐率：45.45req/s] [内存消耗：1,294.73kb] [文件加载：35]
[ info ] [ ROUTE ] array (
  'type' => 'method',
  'method' => 
  array (
    0 => '\\think\\captcha\\CaptchaController',
    1 => 'index',
  ),
)
[ info ] [ HEADER ] array (
  'host' => 'www.layuicms.cc',
  'connection' => 'keep-alive',
  'user-agent' => 'Mozilla/5.0 (Windows NT 6.1; WOW64) AppleWebKit/537.36 (KHTML, like Gecko) Chrome/69.0.3497.100 Safari/537.36',
  'accept' => 'image/webp,image/apng,image/*,*/*;q=0.8',
  'referer' => 'http://www.layuicms.cc/forum/common/register.html',
  'accept-encoding' => 'gzip, deflate',
  'accept-language' => 'zh-CN,zh;q=0.9',
  'cookie' => 'pgv_pvi=7679657984; UM_distinctid=16c0e93d6ea46e-0424c4b7df7763-43450521-1fa400-16c0e93d6ec7e0; CNZZDATA30088308=cnzz_eid%3D1057765405-1563610178-%26ntime%3D1563941981; PHPSESSID=27eopfejodq6f63rlbic7kois7',
)
[ info ] [ PARAM ] array (
  '/captcha' => '',
  'id' => NULL,
)
[ info ] [ RUN ] Method [ <user> public method index ] {
  @@ D:\phpStudy\PHPTutorial\WWW\layuicms\vendor\topthink\think-captcha\src\CaptchaController.php 18 - 22

  - Parameters [1] {
    Parameter #0 [ <optional> $id = '' ]
  }
}

[ info ] [ SESSION ] INIT array (
  'id' => '',
  'var_session_id' => '',
  'prefix' => 'think',
  'type' => '',
  'auto_start' => true,
)
[ info ] [ LOG ] INIT File

---------------------------------------------------------------
[ 2019-07-25T08:45:02+08:00 ] 127.0.0.1 127.0.0.1 POST /forum/common/getemailcode.html
[ log ] www.layuicms.cc/forum/common/getemailcode.html [运行时间：0.074000s][吞吐率：13.51req/s] [内存消耗：2,377.41kb] [文件加载：51]
[ info ] [ ROUTE ] array (
  'type' => 'module',
  'module' => 
  array (
    0 => 'forum',
    1 => 'common',
    2 => 'getemailcode',
  ),
)
[ info ] [ HEADER ] array (
  'host' => 'www.layuicms.cc',
  'connection' => 'keep-alive',
  'accept' => 'application/json, text/javascript, */*; q=0.01',
  'origin' => 'http://www.layuicms.cc',
  'x-requested-with' => 'XMLHttpRequest',
  'user-agent' => 'Mozilla/5.0 (Windows NT 6.1; WOW64) AppleWebKit/537.36 (KHTML, like Gecko) Chrome/69.0.3497.100 Safari/537.36',
  'referer' => 'http://www.layuicms.cc/forum/common/register.html',
  'accept-encoding' => 'gzip, deflate',
  'accept-language' => 'zh-CN,zh;q=0.9',
  'cookie' => 'pgv_pvi=7679657984; UM_distinctid=16c0e93d6ea46e-0424c4b7df7763-43450521-1fa400-16c0e93d6ec7e0; CNZZDATA30088308=cnzz_eid%3D1057765405-1563610178-%26ntime%3D1563941981; PHPSESSID=27eopfejodq6f63rlbic7kois7',
  'content-type' => 'application/x-www-form-urlencoded; charset=UTF-8',
  'content-length' => '39',
)
[ info ] [ PARAM ] array (
  '/forum/common/getemailcode_html' => '',
  'L_code' => 'r5uw',
  'L_email' => '2722279500@qq.com',
)
[ info ] [ DB ] INIT mysql
[ info ] [ RUN ] /**
     * [getEmailCode 获取邮箱验证码]
     * @return [type] [description]
     */
Method [ <user> public method getEmailCode ] {
  @@ D:\phpStudy\PHPTutorial\WWW\layuicms\application\forum\controller\Common.php 93 - 97
}

[ info ] [ SESSION ] INIT array (
  'id' => '',
  'var_session_id' => '',
  'prefix' => 'think',
  'type' => '',
  'auto_start' => true,
)
[ info ] [ LOG ] INIT File
[ sql ] [ DB ] CONNECT:[ UseTime:0.011000s ] mysql:dbname=layuicms;host=127.0.0.1;charset=utf8
[ sql ] [ SQL ] SHOW COLUMNS FROM `tp_config` [ RunTime:0.004000s ]
[ sql ] [ SQL ] SELECT `name`,`value` FROM `tp_config` WHERE  `type` = 'forum'   [ RunTime:0.001000s ]

---------------------------------------------------------------
[ 2019-07-25T08:45:03+08:00 ] 127.0.0.1 127.0.0.1 GET /captcha?id=1564015503
[ log ] www.layuicms.cc/captcha?id=1564015503 [运行时间：0.070000s][吞吐率：14.29req/s] [内存消耗：1,294.77kb] [文件加载：35]
[ info ] [ ROUTE ] array (
  'type' => 'method',
  'method' => 
  array (
    0 => '\\think\\captcha\\CaptchaController',
    1 => 'index',
  ),
)
[ info ] [ HEADER ] array (
  'host' => 'www.layuicms.cc',
  'connection' => 'keep-alive',
  'user-agent' => 'Mozilla/5.0 (Windows NT 6.1; WOW64) AppleWebKit/537.36 (KHTML, like Gecko) Chrome/69.0.3497.100 Safari/537.36',
  'accept' => 'image/webp,image/apng,image/*,*/*;q=0.8',
  'referer' => 'http://www.layuicms.cc/forum/common/register.html',
  'accept-encoding' => 'gzip, deflate',
  'accept-language' => 'zh-CN,zh;q=0.9',
  'cookie' => 'pgv_pvi=7679657984; UM_distinctid=16c0e93d6ea46e-0424c4b7df7763-43450521-1fa400-16c0e93d6ec7e0; CNZZDATA30088308=cnzz_eid%3D1057765405-1563610178-%26ntime%3D1563941981; PHPSESSID=27eopfejodq6f63rlbic7kois7',
)
[ info ] [ PARAM ] array (
  '/captcha' => '',
  'id' => NULL,
)
[ info ] [ RUN ] Method [ <user> public method index ] {
  @@ D:\phpStudy\PHPTutorial\WWW\layuicms\vendor\topthink\think-captcha\src\CaptchaController.php 18 - 22

  - Parameters [1] {
    Parameter #0 [ <optional> $id = '' ]
  }
}

[ info ] [ SESSION ] INIT array (
  'id' => '',
  'var_session_id' => '',
  'prefix' => 'think',
  'type' => '',
  'auto_start' => true,
)
[ info ] [ LOG ] INIT File

---------------------------------------------------------------
[ 2019-07-25T08:45:25+08:00 ] 127.0.0.1 127.0.0.1 POST /forum/common/getemailcode.html
[ log ] www.layuicms.cc/forum/common/getemailcode.html [运行时间：0.063000s][吞吐率：15.87req/s] [内存消耗：2,377.78kb] [文件加载：51]
[ info ] [ ROUTE ] array (
  'type' => 'module',
  'module' => 
  array (
    0 => 'forum',
    1 => 'common',
    2 => 'getemailcode',
  ),
)
[ info ] [ HEADER ] array (
  'host' => 'www.layuicms.cc',
  'connection' => 'keep-alive',
  'accept' => 'application/json, text/javascript, */*; q=0.01',
  'origin' => 'http://www.layuicms.cc',
  'x-requested-with' => 'XMLHttpRequest',
  'user-agent' => 'Mozilla/5.0 (Windows NT 6.1; WOW64) AppleWebKit/537.36 (KHTML, like Gecko) Chrome/69.0.3497.100 Safari/537.36',
  'referer' => 'http://www.layuicms.cc/forum/common/register.html',
  'accept-encoding' => 'gzip, deflate',
  'accept-language' => 'zh-CN,zh;q=0.9',
  'cookie' => 'pgv_pvi=7679657984; UM_distinctid=16c0e93d6ea46e-0424c4b7df7763-43450521-1fa400-16c0e93d6ec7e0; CNZZDATA30088308=cnzz_eid%3D1057765405-1563610178-%26ntime%3D1563941981; PHPSESSID=27eopfejodq6f63rlbic7kois7',
  'content-type' => 'application/x-www-form-urlencoded; charset=UTF-8',
  'content-length' => '39',
)
[ info ] [ PARAM ] array (
  '/forum/common/getemailcode_html' => '',
  'L_code' => 'r5uw',
  'L_email' => '2722279500@qq.com',
)
[ info ] [ DB ] INIT mysql
[ info ] [ RUN ] /**
     * [getEmailCode 获取邮箱验证码]
     * @return [type] [description]
     */
Method [ <user> public method getEmailCode ] {
  @@ D:\phpStudy\PHPTutorial\WWW\layuicms\application\forum\controller\Common.php 93 - 97
}

[ info ] [ SESSION ] INIT array (
  'id' => '',
  'var_session_id' => '',
  'prefix' => 'think',
  'type' => '',
  'auto_start' => true,
)
[ info ] [ LOG ] INIT File
[ sql ] [ DB ] CONNECT:[ UseTime:0.001000s ] mysql:dbname=layuicms;host=127.0.0.1;charset=utf8
[ sql ] [ SQL ] SHOW COLUMNS FROM `tp_config` [ RunTime:0.010000s ]
[ sql ] [ SQL ] SELECT `name`,`value` FROM `tp_config` WHERE  `type` = 'forum'   [ RunTime:0.001000s ]

---------------------------------------------------------------
[ 2019-07-25T08:45:27+08:00 ] 127.0.0.1 127.0.0.1 GET /captcha?id=1564015526
[ log ] www.layuicms.cc/captcha?id=1564015526 [运行时间：0.053000s][吞吐率：18.87req/s] [内存消耗：1,294.73kb] [文件加载：35]
[ info ] [ ROUTE ] array (
  'type' => 'method',
  'method' => 
  array (
    0 => '\\think\\captcha\\CaptchaController',
    1 => 'index',
  ),
)
[ info ] [ HEADER ] array (
  'host' => 'www.layuicms.cc',
  'connection' => 'keep-alive',
  'user-agent' => 'Mozilla/5.0 (Windows NT 6.1; WOW64) AppleWebKit/537.36 (KHTML, like Gecko) Chrome/69.0.3497.100 Safari/537.36',
  'accept' => 'image/webp,image/apng,image/*,*/*;q=0.8',
  'referer' => 'http://www.layuicms.cc/forum/common/register.html',
  'accept-encoding' => 'gzip, deflate',
  'accept-language' => 'zh-CN,zh;q=0.9',
  'cookie' => 'pgv_pvi=7679657984; UM_distinctid=16c0e93d6ea46e-0424c4b7df7763-43450521-1fa400-16c0e93d6ec7e0; CNZZDATA30088308=cnzz_eid%3D1057765405-1563610178-%26ntime%3D1563941981; PHPSESSID=27eopfejodq6f63rlbic7kois7',
)
[ info ] [ PARAM ] array (
  '/captcha' => '',
  'id' => NULL,
)
[ info ] [ RUN ] Method [ <user> public method index ] {
  @@ D:\phpStudy\PHPTutorial\WWW\layuicms\vendor\topthink\think-captcha\src\CaptchaController.php 18 - 22

  - Parameters [1] {
    Parameter #0 [ <optional> $id = '' ]
  }
}

[ info ] [ SESSION ] INIT array (
  'id' => '',
  'var_session_id' => '',
  'prefix' => 'think',
  'type' => '',
  'auto_start' => true,
)
[ info ] [ LOG ] INIT File

---------------------------------------------------------------
[ 2019-07-25T08:45:45+08:00 ] 127.0.0.1 127.0.0.1 GET /forum/common/register.html
[ log ] www.layuicms.cc/forum/common/register.html [运行时间：0.046000s][吞吐率：21.74req/s] [内存消耗：2,514.95kb] [文件加载：55]
[ info ] [ ROUTE ] array (
  'type' => 'module',
  'module' => 
  array (
    0 => 'forum',
    1 => 'common',
    2 => 'register',
  ),
)
[ info ] [ HEADER ] array (
  'host' => 'www.layuicms.cc',
  'connection' => 'keep-alive',
  'cache-control' => 'max-age=0',
  'upgrade-insecure-requests' => '1',
  'user-agent' => 'Mozilla/5.0 (Windows NT 6.1; WOW64) AppleWebKit/537.36 (KHTML, like Gecko) Chrome/69.0.3497.100 Safari/537.36',
  'accept' => 'text/html,application/xhtml+xml,application/xml;q=0.9,image/webp,image/apng,*/*;q=0.8',
  'referer' => 'http://www.layuicms.cc/forum/common/login.html',
  'accept-encoding' => 'gzip, deflate',
  'accept-language' => 'zh-CN,zh;q=0.9',
  'cookie' => 'pgv_pvi=7679657984; UM_distinctid=16c0e93d6ea46e-0424c4b7df7763-43450521-1fa400-16c0e93d6ec7e0; CNZZDATA30088308=cnzz_eid%3D1057765405-1563610178-%26ntime%3D1563941981; PHPSESSID=27eopfejodq6f63rlbic7kois7',
)
[ info ] [ PARAM ] array (
  '/forum/common/register_html' => '',
)
[ info ] [ DB ] INIT mysql
[ info ] [ RUN ] /**
     * [register 注册页面]
     * @return [type] [description]
     */
Method [ <user> public method register ] {
  @@ D:\phpStudy\PHPTutorial\WWW\layuicms\application\forum\controller\Common.php 57 - 61
}

[ info ] [ VIEW ] D:\phpStudy\PHPTutorial\WWW\layuicms/application/forum\view\common\register.html [ array (
  0 => 'getConfig',
  1 => 'getSeoTitle',
) ]
[ info ] [ LOG ] INIT File
[ sql ] [ DB ] CONNECT:[ UseTime:0.001000s ] mysql:dbname=layuicms;host=127.0.0.1;charset=utf8
[ sql ] [ SQL ] SHOW COLUMNS FROM `tp_config` [ RunTime:0.009000s ]
[ sql ] [ SQL ] SELECT `name`,`value` FROM `tp_config` WHERE  `type` = 'forum'   [ RunTime:0.001000s ]

---------------------------------------------------------------
[ 2019-07-25T08:45:45+08:00 ] 127.0.0.1 127.0.0.1 GET /captcha.html
[ log ] www.layuicms.cc/captcha.html [运行时间：0.019000s][吞吐率：52.63req/s] [内存消耗：1,294.85kb] [文件加载：35]
[ info ] [ ROUTE ] array (
  'type' => 'method',
  'method' => 
  array (
    0 => '\\think\\captcha\\CaptchaController',
    1 => 'index',
  ),
)
[ info ] [ HEADER ] array (
  'host' => 'www.layuicms.cc',
  'connection' => 'keep-alive',
  'user-agent' => 'Mozilla/5.0 (Windows NT 6.1; WOW64) AppleWebKit/537.36 (KHTML, like Gecko) Chrome/69.0.3497.100 Safari/537.36',
  'accept' => 'image/webp,image/apng,image/*,*/*;q=0.8',
  'referer' => 'http://www.layuicms.cc/forum/common/register.html',
  'accept-encoding' => 'gzip, deflate',
  'accept-language' => 'zh-CN,zh;q=0.9',
  'cookie' => 'pgv_pvi=7679657984; UM_distinctid=16c0e93d6ea46e-0424c4b7df7763-43450521-1fa400-16c0e93d6ec7e0; CNZZDATA30088308=cnzz_eid%3D1057765405-1563610178-%26ntime%3D1563941981; PHPSESSID=27eopfejodq6f63rlbic7kois7',
)
[ info ] [ PARAM ] array (
  '/captcha_html' => '',
  'id' => NULL,
)
[ info ] [ RUN ] Method [ <user> public method index ] {
  @@ D:\phpStudy\PHPTutorial\WWW\layuicms\vendor\topthink\think-captcha\src\CaptchaController.php 18 - 22

  - Parameters [1] {
    Parameter #0 [ <optional> $id = '' ]
  }
}

[ info ] [ SESSION ] INIT array (
  'id' => '',
  'var_session_id' => '',
  'prefix' => 'think',
  'type' => '',
  'auto_start' => true,
)
[ info ] [ LOG ] INIT File

---------------------------------------------------------------
[ 2019-07-25T08:45:47+08:00 ] 127.0.0.1 127.0.0.1 POST /forum/common/getemailcode.html
[ log ] www.layuicms.cc/forum/common/getemailcode.html [运行时间：0.042000s][吞吐率：23.81req/s] [内存消耗：2,278.30kb] [文件加载：49]
[ info ] [ ROUTE ] array (
  'type' => 'module',
  'module' => 
  array (
    0 => 'forum',
    1 => 'common',
    2 => 'getemailcode',
  ),
)
[ info ] [ HEADER ] array (
  'host' => 'www.layuicms.cc',
  'connection' => 'keep-alive',
  'accept' => 'application/json, text/javascript, */*; q=0.01',
  'origin' => 'http://www.layuicms.cc',
  'x-requested-with' => 'XMLHttpRequest',
  'user-agent' => 'Mozilla/5.0 (Windows NT 6.1; WOW64) AppleWebKit/537.36 (KHTML, like Gecko) Chrome/69.0.3497.100 Safari/537.36',
  'referer' => 'http://www.layuicms.cc/forum/common/register.html',
  'accept-encoding' => 'gzip, deflate',
  'accept-language' => 'zh-CN,zh;q=0.9',
  'cookie' => 'pgv_pvi=7679657984; UM_distinctid=16c0e93d6ea46e-0424c4b7df7763-43450521-1fa400-16c0e93d6ec7e0; CNZZDATA30088308=cnzz_eid%3D1057765405-1563610178-%26ntime%3D1563941981; PHPSESSID=27eopfejodq6f63rlbic7kois7',
  'content-type' => 'application/x-www-form-urlencoded; charset=UTF-8',
  'content-length' => '16',
)
[ info ] [ PARAM ] array (
  '/forum/common/getemailcode_html' => '',
  'L_code' => '',
  'L_email' => '',
)
[ info ] [ DB ] INIT mysql
[ info ] [ RUN ] /**
     * [getEmailCode 获取邮箱验证码]
     * @return [type] [description]
     */
Method [ <user> public method getEmailCode ] {
  @@ D:\phpStudy\PHPTutorial\WWW\layuicms\application\forum\controller\Common.php 93 - 97
}

[ info ] [ LOG ] INIT File
[ sql ] [ DB ] CONNECT:[ UseTime:0.011000s ] mysql:dbname=layuicms;host=127.0.0.1;charset=utf8
[ sql ] [ SQL ] SHOW COLUMNS FROM `tp_config` [ RunTime:0.008000s ]
[ sql ] [ SQL ] SELECT `name`,`value` FROM `tp_config` WHERE  `type` = 'forum'   [ RunTime:0.001000s ]

---------------------------------------------------------------
[ 2019-07-25T08:45:48+08:00 ] 127.0.0.1 127.0.0.1 GET /captcha?id=1564015548
[ log ] www.layuicms.cc/captcha?id=1564015548 [运行时间：0.022000s][吞吐率：45.45req/s] [内存消耗：1,294.76kb] [文件加载：35]
[ info ] [ ROUTE ] array (
  'type' => 'method',
  'method' => 
  array (
    0 => '\\think\\captcha\\CaptchaController',
    1 => 'index',
  ),
)
[ info ] [ HEADER ] array (
  'host' => 'www.layuicms.cc',
  'connection' => 'keep-alive',
  'user-agent' => 'Mozilla/5.0 (Windows NT 6.1; WOW64) AppleWebKit/537.36 (KHTML, like Gecko) Chrome/69.0.3497.100 Safari/537.36',
  'accept' => 'image/webp,image/apng,image/*,*/*;q=0.8',
  'referer' => 'http://www.layuicms.cc/forum/common/register.html',
  'accept-encoding' => 'gzip, deflate',
  'accept-language' => 'zh-CN,zh;q=0.9',
  'cookie' => 'pgv_pvi=7679657984; UM_distinctid=16c0e93d6ea46e-0424c4b7df7763-43450521-1fa400-16c0e93d6ec7e0; CNZZDATA30088308=cnzz_eid%3D1057765405-1563610178-%26ntime%3D1563941981; PHPSESSID=27eopfejodq6f63rlbic7kois7',
)
[ info ] [ PARAM ] array (
  '/captcha' => '',
  'id' => NULL,
)
[ info ] [ RUN ] Method [ <user> public method index ] {
  @@ D:\phpStudy\PHPTutorial\WWW\layuicms\vendor\topthink\think-captcha\src\CaptchaController.php 18 - 22

  - Parameters [1] {
    Parameter #0 [ <optional> $id = '' ]
  }
}

[ info ] [ SESSION ] INIT array (
  'id' => '',
  'var_session_id' => '',
  'prefix' => 'think',
  'type' => '',
  'auto_start' => true,
)
[ info ] [ LOG ] INIT File

---------------------------------------------------------------
[ 2019-07-25T08:45:58+08:00 ] 127.0.0.1 127.0.0.1 POST /forum/common/getemailcode.html
[ log ] www.layuicms.cc/forum/common/getemailcode.html [运行时间：0.077000s][吞吐率：12.99req/s] [内存消耗：2,278.39kb] [文件加载：49]
[ info ] [ ROUTE ] array (
  'type' => 'module',
  'module' => 
  array (
    0 => 'forum',
    1 => 'common',
    2 => 'getemailcode',
  ),
)
[ info ] [ HEADER ] array (
  'host' => 'www.layuicms.cc',
  'connection' => 'keep-alive',
  'accept' => 'application/json, text/javascript, */*; q=0.01',
  'origin' => 'http://www.layuicms.cc',
  'x-requested-with' => 'XMLHttpRequest',
  'user-agent' => 'Mozilla/5.0 (Windows NT 6.1; WOW64) AppleWebKit/537.36 (KHTML, like Gecko) Chrome/69.0.3497.100 Safari/537.36',
  'referer' => 'http://www.layuicms.cc/forum/common/register.html',
  'accept-encoding' => 'gzip, deflate',
  'accept-language' => 'zh-CN,zh;q=0.9',
  'cookie' => 'pgv_pvi=7679657984; UM_distinctid=16c0e93d6ea46e-0424c4b7df7763-43450521-1fa400-16c0e93d6ec7e0; CNZZDATA30088308=cnzz_eid%3D1057765405-1563610178-%26ntime%3D1563941981; PHPSESSID=27eopfejodq6f63rlbic7kois7',
  'content-type' => 'application/x-www-form-urlencoded; charset=UTF-8',
  'content-length' => '35',
)
[ info ] [ PARAM ] array (
  '/forum/common/getemailcode_html' => '',
  'L_code' => '',
  'L_email' => '2722279500@qq.com',
)
[ info ] [ DB ] INIT mysql
[ info ] [ RUN ] /**
     * [getEmailCode 获取邮箱验证码]
     * @return [type] [description]
     */
Method [ <user> public method getEmailCode ] {
  @@ D:\phpStudy\PHPTutorial\WWW\layuicms\application\forum\controller\Common.php 93 - 97
}

[ info ] [ LOG ] INIT File
[ sql ] [ DB ] CONNECT:[ UseTime:0.010000s ] mysql:dbname=layuicms;host=127.0.0.1;charset=utf8
[ sql ] [ SQL ] SHOW COLUMNS FROM `tp_config` [ RunTime:0.010000s ]
[ sql ] [ SQL ] SELECT `name`,`value` FROM `tp_config` WHERE  `type` = 'forum'   [ RunTime:0.000000s ]

---------------------------------------------------------------
[ 2019-07-25T08:46:00+08:00 ] 127.0.0.1 127.0.0.1 GET /captcha?id=1564015559
[ log ] www.layuicms.cc/captcha?id=1564015559 [运行时间：0.054000s][吞吐率：18.52req/s] [内存消耗：1,294.74kb] [文件加载：35]
[ info ] [ ROUTE ] array (
  'type' => 'method',
  'method' => 
  array (
    0 => '\\think\\captcha\\CaptchaController',
    1 => 'index',
  ),
)
[ info ] [ HEADER ] array (
  'host' => 'www.layuicms.cc',
  'connection' => 'keep-alive',
  'user-agent' => 'Mozilla/5.0 (Windows NT 6.1; WOW64) AppleWebKit/537.36 (KHTML, like Gecko) Chrome/69.0.3497.100 Safari/537.36',
  'accept' => 'image/webp,image/apng,image/*,*/*;q=0.8',
  'referer' => 'http://www.layuicms.cc/forum/common/register.html',
  'accept-encoding' => 'gzip, deflate',
  'accept-language' => 'zh-CN,zh;q=0.9',
  'cookie' => 'pgv_pvi=7679657984; UM_distinctid=16c0e93d6ea46e-0424c4b7df7763-43450521-1fa400-16c0e93d6ec7e0; CNZZDATA30088308=cnzz_eid%3D1057765405-1563610178-%26ntime%3D1563941981; PHPSESSID=27eopfejodq6f63rlbic7kois7',
)
[ info ] [ PARAM ] array (
  '/captcha' => '',
  'id' => NULL,
)
[ info ] [ RUN ] Method [ <user> public method index ] {
  @@ D:\phpStudy\PHPTutorial\WWW\layuicms\vendor\topthink\think-captcha\src\CaptchaController.php 18 - 22

  - Parameters [1] {
    Parameter #0 [ <optional> $id = '' ]
  }
}

[ info ] [ SESSION ] INIT array (
  'id' => '',
  'var_session_id' => '',
  'prefix' => 'think',
  'type' => '',
  'auto_start' => true,
)
[ info ] [ LOG ] INIT File

---------------------------------------------------------------
[ 2019-07-25T08:46:04+08:00 ] 127.0.0.1 127.0.0.1 POST /forum/common/getemailcode.html
[ log ] www.layuicms.cc/forum/common/getemailcode.html [运行时间：0.098000s][吞吐率：10.20req/s] [内存消耗：2,377.41kb] [文件加载：51]
[ info ] [ ROUTE ] array (
  'type' => 'module',
  'module' => 
  array (
    0 => 'forum',
    1 => 'common',
    2 => 'getemailcode',
  ),
)
[ info ] [ HEADER ] array (
  'host' => 'www.layuicms.cc',
  'connection' => 'keep-alive',
  'accept' => 'application/json, text/javascript, */*; q=0.01',
  'origin' => 'http://www.layuicms.cc',
  'x-requested-with' => 'XMLHttpRequest',
  'user-agent' => 'Mozilla/5.0 (Windows NT 6.1; WOW64) AppleWebKit/537.36 (KHTML, like Gecko) Chrome/69.0.3497.100 Safari/537.36',
  'referer' => 'http://www.layuicms.cc/forum/common/register.html',
  'accept-encoding' => 'gzip, deflate',
  'accept-language' => 'zh-CN,zh;q=0.9',
  'cookie' => 'pgv_pvi=7679657984; UM_distinctid=16c0e93d6ea46e-0424c4b7df7763-43450521-1fa400-16c0e93d6ec7e0; CNZZDATA30088308=cnzz_eid%3D1057765405-1563610178-%26ntime%3D1563941981; PHPSESSID=27eopfejodq6f63rlbic7kois7',
  'content-type' => 'application/x-www-form-urlencoded; charset=UTF-8',
  'content-length' => '39',
)
[ info ] [ PARAM ] array (
  '/forum/common/getemailcode_html' => '',
  'L_code' => '3khy',
  'L_email' => '2722279500@qq.com',
)
[ info ] [ DB ] INIT mysql
[ info ] [ RUN ] /**
     * [getEmailCode 获取邮箱验证码]
     * @return [type] [description]
     */
Method [ <user> public method getEmailCode ] {
  @@ D:\phpStudy\PHPTutorial\WWW\layuicms\application\forum\controller\Common.php 93 - 97
}

[ info ] [ SESSION ] INIT array (
  'id' => '',
  'var_session_id' => '',
  'prefix' => 'think',
  'type' => '',
  'auto_start' => true,
)
[ info ] [ LOG ] INIT File
[ sql ] [ DB ] CONNECT:[ UseTime:0.010000s ] mysql:dbname=layuicms;host=127.0.0.1;charset=utf8
[ sql ] [ SQL ] SHOW COLUMNS FROM `tp_config` [ RunTime:0.015000s ]
[ sql ] [ SQL ] SELECT `name`,`value` FROM `tp_config` WHERE  `type` = 'forum'   [ RunTime:0.001000s ]

---------------------------------------------------------------
[ 2019-07-25T08:46:06+08:00 ] 127.0.0.1 127.0.0.1 GET /captcha?id=1564015565
[ log ] www.layuicms.cc/captcha?id=1564015565 [运行时间：0.034000s][吞吐率：29.41req/s] [内存消耗：1,294.80kb] [文件加载：35]
[ info ] [ ROUTE ] array (
  'type' => 'method',
  'method' => 
  array (
    0 => '\\think\\captcha\\CaptchaController',
    1 => 'index',
  ),
)
[ info ] [ HEADER ] array (
  'host' => 'www.layuicms.cc',
  'connection' => 'keep-alive',
  'user-agent' => 'Mozilla/5.0 (Windows NT 6.1; WOW64) AppleWebKit/537.36 (KHTML, like Gecko) Chrome/69.0.3497.100 Safari/537.36',
  'accept' => 'image/webp,image/apng,image/*,*/*;q=0.8',
  'referer' => 'http://www.layuicms.cc/forum/common/register.html',
  'accept-encoding' => 'gzip, deflate',
  'accept-language' => 'zh-CN,zh;q=0.9',
  'cookie' => 'pgv_pvi=7679657984; UM_distinctid=16c0e93d6ea46e-0424c4b7df7763-43450521-1fa400-16c0e93d6ec7e0; CNZZDATA30088308=cnzz_eid%3D1057765405-1563610178-%26ntime%3D1563941981; PHPSESSID=27eopfejodq6f63rlbic7kois7',
)
[ info ] [ PARAM ] array (
  '/captcha' => '',
  'id' => NULL,
)
[ info ] [ RUN ] Method [ <user> public method index ] {
  @@ D:\phpStudy\PHPTutorial\WWW\layuicms\vendor\topthink\think-captcha\src\CaptchaController.php 18 - 22

  - Parameters [1] {
    Parameter #0 [ <optional> $id = '' ]
  }
}

[ info ] [ SESSION ] INIT array (
  'id' => '',
  'var_session_id' => '',
  'prefix' => 'think',
  'type' => '',
  'auto_start' => true,
)
[ info ] [ LOG ] INIT File

---------------------------------------------------------------
[ 2019-07-25T08:46:23+08:00 ] 127.0.0.1 127.0.0.1 GET /forum/common/login.html
[ log ] www.layuicms.cc/forum/common/login.html [运行时间：0.065000s][吞吐率：15.38req/s] [内存消耗：2,362.18kb] [文件加载：53]
[ info ] [ ROUTE ] array (
  'type' => 'module',
  'module' => 
  array (
    0 => 'forum',
    1 => 'common',
    2 => 'login',
  ),
)
[ info ] [ HEADER ] array (
  'host' => 'www.layuicms.cc',
  'connection' => 'keep-alive',
  'upgrade-insecure-requests' => '1',
  'user-agent' => 'Mozilla/5.0 (Windows NT 6.1; WOW64) AppleWebKit/537.36 (KHTML, like Gecko) Chrome/69.0.3497.100 Safari/537.36',
  'accept' => 'text/html,application/xhtml+xml,application/xml;q=0.9,image/webp,image/apng,*/*;q=0.8',
  'referer' => 'http://www.layuicms.cc/forum/common/register.html',
  'accept-encoding' => 'gzip, deflate',
  'accept-language' => 'zh-CN,zh;q=0.9',
  'cookie' => 'pgv_pvi=7679657984; UM_distinctid=16c0e93d6ea46e-0424c4b7df7763-43450521-1fa400-16c0e93d6ec7e0; CNZZDATA30088308=cnzz_eid%3D1057765405-1563610178-%26ntime%3D1563941981; PHPSESSID=27eopfejodq6f63rlbic7kois7',
)
[ info ] [ PARAM ] array (
  '/forum/common/login_html' => '',
)
[ info ] [ DB ] INIT mysql
[ info ] [ RUN ] /**
     * [login 登录页面]
     * @return [type] [description]
     */
Method [ <user> public method login ] {
  @@ D:\phpStudy\PHPTutorial\WWW\layuicms\application\forum\controller\Common.php 39 - 43
}

[ info ] [ VIEW ] D:\phpStudy\PHPTutorial\WWW\layuicms/application/forum\view\common\login.html [ array (
  0 => 'getConfig',
  1 => 'getSeoTitle',
) ]
[ info ] [ LOG ] INIT File
[ sql ] [ DB ] CONNECT:[ UseTime:0.001000s ] mysql:dbname=layuicms;host=127.0.0.1;charset=utf8
[ sql ] [ SQL ] SHOW COLUMNS FROM `tp_config` [ RunTime:0.007000s ]
[ sql ] [ SQL ] SELECT `name`,`value` FROM `tp_config` WHERE  `type` = 'forum'   [ RunTime:0.001000s ]

---------------------------------------------------------------
[ 2019-07-25T08:47:46+08:00 ] 127.0.0.1 127.0.0.1 GET /forum/common/login.html
[ log ] www.layuicms.cc/forum/common/login.html [运行时间：0.054000s][吞吐率：18.52req/s] [内存消耗：2,508.58kb] [文件加载：55]
[ info ] [ ROUTE ] array (
  'type' => 'module',
  'module' => 
  array (
    0 => 'forum',
    1 => 'common',
    2 => 'login',
  ),
)
[ info ] [ HEADER ] array (
  'host' => 'www.layuicms.cc',
  'connection' => 'keep-alive',
  'cache-control' => 'max-age=0',
  'upgrade-insecure-requests' => '1',
  'user-agent' => 'Mozilla/5.0 (Windows NT 6.1; WOW64) AppleWebKit/537.36 (KHTML, like Gecko) Chrome/69.0.3497.100 Safari/537.36',
  'accept' => 'text/html,application/xhtml+xml,application/xml;q=0.9,image/webp,image/apng,*/*;q=0.8',
  'referer' => 'http://www.layuicms.cc/forum/common/register.html',
  'accept-encoding' => 'gzip, deflate',
  'accept-language' => 'zh-CN,zh;q=0.9',
  'cookie' => 'pgv_pvi=7679657984; UM_distinctid=16c0e93d6ea46e-0424c4b7df7763-43450521-1fa400-16c0e93d6ec7e0; CNZZDATA30088308=cnzz_eid%3D1057765405-1563610178-%26ntime%3D1563941981; PHPSESSID=27eopfejodq6f63rlbic7kois7',
)
[ info ] [ PARAM ] array (
  '/forum/common/login_html' => '',
)
[ info ] [ DB ] INIT mysql
[ info ] [ RUN ] /**
     * [login 登录页面]
     * @return [type] [description]
     */
Method [ <user> public method login ] {
  @@ D:\phpStudy\PHPTutorial\WWW\layuicms\application\forum\controller\Common.php 39 - 43
}

[ info ] [ VIEW ] D:\phpStudy\PHPTutorial\WWW\layuicms/application/forum\view\common\login.html [ array (
  0 => 'getConfig',
  1 => 'getSeoTitle',
) ]
[ info ] [ LOG ] INIT File
[ sql ] [ DB ] CONNECT:[ UseTime:0.001000s ] mysql:dbname=layuicms;host=127.0.0.1;charset=utf8
[ sql ] [ SQL ] SHOW COLUMNS FROM `tp_config` [ RunTime:0.008000s ]
[ sql ] [ SQL ] SELECT `name`,`value` FROM `tp_config` WHERE  `type` = 'forum'   [ RunTime:0.000000s ]

---------------------------------------------------------------
[ 2019-07-25T08:47:59+08:00 ] 127.0.0.1 127.0.0.1 GET /forum/common/login.html
[ log ] www.layuicms.cc/forum/common/login.html [运行时间：0.064000s][吞吐率：15.62req/s] [内存消耗：2,508.59kb] [文件加载：55]
[ info ] [ ROUTE ] array (
  'type' => 'module',
  'module' => 
  array (
    0 => 'forum',
    1 => 'common',
    2 => 'login',
  ),
)
[ info ] [ HEADER ] array (
  'host' => 'www.layuicms.cc',
  'connection' => 'keep-alive',
  'cache-control' => 'max-age=0',
  'upgrade-insecure-requests' => '1',
  'user-agent' => 'Mozilla/5.0 (Windows NT 6.1; WOW64) AppleWebKit/537.36 (KHTML, like Gecko) Chrome/69.0.3497.100 Safari/537.36',
  'accept' => 'text/html,application/xhtml+xml,application/xml;q=0.9,image/webp,image/apng,*/*;q=0.8',
  'referer' => 'http://www.layuicms.cc/forum/common/register.html',
  'accept-encoding' => 'gzip, deflate',
  'accept-language' => 'zh-CN,zh;q=0.9',
  'cookie' => 'pgv_pvi=7679657984; UM_distinctid=16c0e93d6ea46e-0424c4b7df7763-43450521-1fa400-16c0e93d6ec7e0; CNZZDATA30088308=cnzz_eid%3D1057765405-1563610178-%26ntime%3D1563941981; PHPSESSID=27eopfejodq6f63rlbic7kois7',
)
[ info ] [ PARAM ] array (
  '/forum/common/login_html' => '',
)
[ info ] [ DB ] INIT mysql
[ info ] [ RUN ] /**
     * [login 登录页面]
     * @return [type] [description]
     */
Method [ <user> public method login ] {
  @@ D:\phpStudy\PHPTutorial\WWW\layuicms\application\forum\controller\Common.php 39 - 43
}

[ info ] [ VIEW ] D:\phpStudy\PHPTutorial\WWW\layuicms/application/forum\view\common\login.html [ array (
  0 => 'getConfig',
  1 => 'getSeoTitle',
) ]
[ info ] [ LOG ] INIT File
[ sql ] [ DB ] CONNECT:[ UseTime:0.001000s ] mysql:dbname=layuicms;host=127.0.0.1;charset=utf8
[ sql ] [ SQL ] SHOW COLUMNS FROM `tp_config` [ RunTime:0.007000s ]
[ sql ] [ SQL ] SELECT `name`,`value` FROM `tp_config` WHERE  `type` = 'forum'   [ RunTime:0.000000s ]

---------------------------------------------------------------
[ 2019-07-25T08:48:56+08:00 ] 127.0.0.1 127.0.0.1 GET /forum/common/login.html
[ log ] www.layuicms.cc/forum/common/login.html [运行时间：0.053000s][吞吐率：18.87req/s] [内存消耗：2,508.59kb] [文件加载：55]
[ info ] [ ROUTE ] array (
  'type' => 'module',
  'module' => 
  array (
    0 => 'forum',
    1 => 'common',
    2 => 'login',
  ),
)
[ info ] [ HEADER ] array (
  'host' => 'www.layuicms.cc',
  'connection' => 'keep-alive',
  'cache-control' => 'max-age=0',
  'upgrade-insecure-requests' => '1',
  'user-agent' => 'Mozilla/5.0 (Windows NT 6.1; WOW64) AppleWebKit/537.36 (KHTML, like Gecko) Chrome/69.0.3497.100 Safari/537.36',
  'accept' => 'text/html,application/xhtml+xml,application/xml;q=0.9,image/webp,image/apng,*/*;q=0.8',
  'referer' => 'http://www.layuicms.cc/forum/common/register.html',
  'accept-encoding' => 'gzip, deflate',
  'accept-language' => 'zh-CN,zh;q=0.9',
  'cookie' => 'pgv_pvi=7679657984; UM_distinctid=16c0e93d6ea46e-0424c4b7df7763-43450521-1fa400-16c0e93d6ec7e0; CNZZDATA30088308=cnzz_eid%3D1057765405-1563610178-%26ntime%3D1563941981; PHPSESSID=27eopfejodq6f63rlbic7kois7',
)
[ info ] [ PARAM ] array (
  '/forum/common/login_html' => '',
)
[ info ] [ DB ] INIT mysql
[ info ] [ RUN ] /**
     * [login 登录页面]
     * @return [type] [description]
     */
Method [ <user> public method login ] {
  @@ D:\phpStudy\PHPTutorial\WWW\layuicms\application\forum\controller\Common.php 39 - 43
}

[ info ] [ VIEW ] D:\phpStudy\PHPTutorial\WWW\layuicms/application/forum\view\common\login.html [ array (
  0 => 'getConfig',
  1 => 'getSeoTitle',
) ]
[ info ] [ LOG ] INIT File
[ sql ] [ DB ] CONNECT:[ UseTime:0.001000s ] mysql:dbname=layuicms;host=127.0.0.1;charset=utf8
[ sql ] [ SQL ] SHOW COLUMNS FROM `tp_config` [ RunTime:0.004000s ]
[ sql ] [ SQL ] SELECT `name`,`value` FROM `tp_config` WHERE  `type` = 'forum'   [ RunTime:0.000000s ]

---------------------------------------------------------------
[ 2019-07-25T08:48:57+08:00 ] 127.0.0.1 127.0.0.1 GET /forum/common/login.html
[ log ] www.layuicms.cc/forum/common/login.html [运行时间：0.084000s][吞吐率：11.90req/s] [内存消耗：2,362.30kb] [文件加载：53]
[ info ] [ ROUTE ] array (
  'type' => 'module',
  'module' => 
  array (
    0 => 'forum',
    1 => 'common',
    2 => 'login',
  ),
)
[ info ] [ HEADER ] array (
  'host' => 'www.layuicms.cc',
  'connection' => 'keep-alive',
  'cache-control' => 'max-age=0',
  'upgrade-insecure-requests' => '1',
  'user-agent' => 'Mozilla/5.0 (Windows NT 6.1; WOW64) AppleWebKit/537.36 (KHTML, like Gecko) Chrome/69.0.3497.100 Safari/537.36',
  'accept' => 'text/html,application/xhtml+xml,application/xml;q=0.9,image/webp,image/apng,*/*;q=0.8',
  'referer' => 'http://www.layuicms.cc/forum/common/register.html',
  'accept-encoding' => 'gzip, deflate',
  'accept-language' => 'zh-CN,zh;q=0.9',
  'cookie' => 'pgv_pvi=7679657984; UM_distinctid=16c0e93d6ea46e-0424c4b7df7763-43450521-1fa400-16c0e93d6ec7e0; CNZZDATA30088308=cnzz_eid%3D1057765405-1563610178-%26ntime%3D1563941981; PHPSESSID=27eopfejodq6f63rlbic7kois7',
)
[ info ] [ PARAM ] array (
  '/forum/common/login_html' => '',
)
[ info ] [ DB ] INIT mysql
[ info ] [ RUN ] /**
     * [login 登录页面]
     * @return [type] [description]
     */
Method [ <user> public method login ] {
  @@ D:\phpStudy\PHPTutorial\WWW\layuicms\application\forum\controller\Common.php 39 - 43
}

[ info ] [ VIEW ] D:\phpStudy\PHPTutorial\WWW\layuicms/application/forum\view\common\login.html [ array (
  0 => 'getConfig',
  1 => 'getSeoTitle',
) ]
[ info ] [ LOG ] INIT File
[ sql ] [ DB ] CONNECT:[ UseTime:0.010000s ] mysql:dbname=layuicms;host=127.0.0.1;charset=utf8
[ sql ] [ SQL ] SHOW COLUMNS FROM `tp_config` [ RunTime:0.006000s ]
[ sql ] [ SQL ] SELECT `name`,`value` FROM `tp_config` WHERE  `type` = 'forum'   [ RunTime:0.000000s ]

---------------------------------------------------------------
[ 2019-07-25T08:49:15+08:00 ] 127.0.0.1 127.0.0.1 GET /forum/common/login.html
[ log ] www.layuicms.cc/forum/common/login.html [运行时间：0.059000s][吞吐率：16.95req/s] [内存消耗：2,510.52kb] [文件加载：55]
[ info ] [ ROUTE ] array (
  'type' => 'module',
  'module' => 
  array (
    0 => 'forum',
    1 => 'common',
    2 => 'login',
  ),
)
[ info ] [ HEADER ] array (
  'host' => 'www.layuicms.cc',
  'connection' => 'keep-alive',
  'pragma' => 'no-cache',
  'cache-control' => 'no-cache',
  'upgrade-insecure-requests' => '1',
  'user-agent' => 'Mozilla/5.0 (Windows NT 6.1; WOW64) AppleWebKit/537.36 (KHTML, like Gecko) Chrome/69.0.3497.100 Safari/537.36',
  'accept' => 'text/html,application/xhtml+xml,application/xml;q=0.9,image/webp,image/apng,*/*;q=0.8',
  'referer' => 'http://www.layuicms.cc/forum/common/register.html',
  'accept-encoding' => 'gzip, deflate',
  'accept-language' => 'zh-CN,zh;q=0.9',
  'cookie' => 'pgv_pvi=7679657984; UM_distinctid=16c0e93d6ea46e-0424c4b7df7763-43450521-1fa400-16c0e93d6ec7e0; CNZZDATA30088308=cnzz_eid%3D1057765405-1563610178-%26ntime%3D1563941981; PHPSESSID=27eopfejodq6f63rlbic7kois7',
)
[ info ] [ PARAM ] array (
  '/forum/common/login_html' => '',
)
[ info ] [ DB ] INIT mysql
[ info ] [ RUN ] /**
     * [login 登录页面]
     * @return [type] [description]
     */
Method [ <user> public method login ] {
  @@ D:\phpStudy\PHPTutorial\WWW\layuicms\application\forum\controller\Common.php 39 - 43
}

[ info ] [ VIEW ] D:\phpStudy\PHPTutorial\WWW\layuicms/application/forum\view\common\login.html [ array (
  0 => 'getConfig',
  1 => 'getSeoTitle',
) ]
[ info ] [ LOG ] INIT File
[ sql ] [ DB ] CONNECT:[ UseTime:0.011000s ] mysql:dbname=layuicms;host=127.0.0.1;charset=utf8
[ sql ] [ SQL ] SHOW COLUMNS FROM `tp_config` [ RunTime:0.007000s ]
[ sql ] [ SQL ] SELECT `name`,`value` FROM `tp_config` WHERE  `type` = 'forum'   [ RunTime:0.001000s ]

---------------------------------------------------------------
[ 2019-07-25T08:49:16+08:00 ] 127.0.0.1 127.0.0.1 GET /captcha.html
[ log ] www.layuicms.cc/captcha.html [运行时间：0.029000s][吞吐率：34.48req/s] [内存消耗：1,295.07kb] [文件加载：35]
[ info ] [ ROUTE ] array (
  'type' => 'method',
  'method' => 
  array (
    0 => '\\think\\captcha\\CaptchaController',
    1 => 'index',
  ),
)
[ info ] [ HEADER ] array (
  'host' => 'www.layuicms.cc',
  'connection' => 'keep-alive',
  'pragma' => 'no-cache',
  'cache-control' => 'no-cache',
  'user-agent' => 'Mozilla/5.0 (Windows NT 6.1; WOW64) AppleWebKit/537.36 (KHTML, like Gecko) Chrome/69.0.3497.100 Safari/537.36',
  'accept' => 'image/webp,image/apng,image/*,*/*;q=0.8',
  'referer' => 'http://www.layuicms.cc/forum/common/login.html',
  'accept-encoding' => 'gzip, deflate',
  'accept-language' => 'zh-CN,zh;q=0.9',
  'cookie' => 'pgv_pvi=7679657984; UM_distinctid=16c0e93d6ea46e-0424c4b7df7763-43450521-1fa400-16c0e93d6ec7e0; CNZZDATA30088308=cnzz_eid%3D1057765405-1563610178-%26ntime%3D1563941981; PHPSESSID=27eopfejodq6f63rlbic7kois7',
)
[ info ] [ PARAM ] array (
  '/captcha_html' => '',
  'id' => NULL,
)
[ info ] [ RUN ] Method [ <user> public method index ] {
  @@ D:\phpStudy\PHPTutorial\WWW\layuicms\vendor\topthink\think-captcha\src\CaptchaController.php 18 - 22

  - Parameters [1] {
    Parameter #0 [ <optional> $id = '' ]
  }
}

[ info ] [ SESSION ] INIT array (
  'id' => '',
  'var_session_id' => '',
  'prefix' => 'think',
  'type' => '',
  'auto_start' => true,
)
[ info ] [ LOG ] INIT File

---------------------------------------------------------------
[ 2019-07-25T08:49:19+08:00 ] 127.0.0.1 127.0.0.1 GET /captcha.html?seed=0.869149692443236
[ log ] www.layuicms.cc/captcha.html?seed=0.869149692443236 [运行时间：0.049000s][吞吐率：20.41req/s] [内存消耗：1,294.99kb] [文件加载：35]
[ info ] [ ROUTE ] array (
  'type' => 'method',
  'method' => 
  array (
    0 => '\\think\\captcha\\CaptchaController',
    1 => 'index',
  ),
)
[ info ] [ HEADER ] array (
  'host' => 'www.layuicms.cc',
  'connection' => 'keep-alive',
  'user-agent' => 'Mozilla/5.0 (Windows NT 6.1; WOW64) AppleWebKit/537.36 (KHTML, like Gecko) Chrome/69.0.3497.100 Safari/537.36',
  'accept' => 'image/webp,image/apng,image/*,*/*;q=0.8',
  'referer' => 'http://www.layuicms.cc/forum/common/login.html',
  'accept-encoding' => 'gzip, deflate',
  'accept-language' => 'zh-CN,zh;q=0.9',
  'cookie' => 'pgv_pvi=7679657984; UM_distinctid=16c0e93d6ea46e-0424c4b7df7763-43450521-1fa400-16c0e93d6ec7e0; CNZZDATA30088308=cnzz_eid%3D1057765405-1563610178-%26ntime%3D1563941981; PHPSESSID=27eopfejodq6f63rlbic7kois7',
)
[ info ] [ PARAM ] array (
  '/captcha_html' => '',
  'seed' => '0.869149692443236',
  'id' => NULL,
)
[ info ] [ RUN ] Method [ <user> public method index ] {
  @@ D:\phpStudy\PHPTutorial\WWW\layuicms\vendor\topthink\think-captcha\src\CaptchaController.php 18 - 22

  - Parameters [1] {
    Parameter #0 [ <optional> $id = '' ]
  }
}

[ info ] [ SESSION ] INIT array (
  'id' => '',
  'var_session_id' => '',
  'prefix' => 'think',
  'type' => '',
  'auto_start' => true,
)
[ info ] [ LOG ] INIT File

---------------------------------------------------------------
[ 2019-07-25T08:49:20+08:00 ] 127.0.0.1 127.0.0.1 GET /captcha.html?seed=0.16543044818657182
[ log ] www.layuicms.cc/captcha.html?seed=0.16543044818657182 [运行时间：0.044000s][吞吐率：22.73req/s] [内存消耗：1,295.04kb] [文件加载：35]
[ info ] [ ROUTE ] array (
  'type' => 'method',
  'method' => 
  array (
    0 => '\\think\\captcha\\CaptchaController',
    1 => 'index',
  ),
)
[ info ] [ HEADER ] array (
  'host' => 'www.layuicms.cc',
  'connection' => 'keep-alive',
  'user-agent' => 'Mozilla/5.0 (Windows NT 6.1; WOW64) AppleWebKit/537.36 (KHTML, like Gecko) Chrome/69.0.3497.100 Safari/537.36',
  'accept' => 'image/webp,image/apng,image/*,*/*;q=0.8',
  'referer' => 'http://www.layuicms.cc/forum/common/login.html',
  'accept-encoding' => 'gzip, deflate',
  'accept-language' => 'zh-CN,zh;q=0.9',
  'cookie' => 'pgv_pvi=7679657984; UM_distinctid=16c0e93d6ea46e-0424c4b7df7763-43450521-1fa400-16c0e93d6ec7e0; CNZZDATA30088308=cnzz_eid%3D1057765405-1563610178-%26ntime%3D1563941981; PHPSESSID=27eopfejodq6f63rlbic7kois7',
)
[ info ] [ PARAM ] array (
  '/captcha_html' => '',
  'seed' => '0.16543044818657182',
  'id' => NULL,
)
[ info ] [ RUN ] Method [ <user> public method index ] {
  @@ D:\phpStudy\PHPTutorial\WWW\layuicms\vendor\topthink\think-captcha\src\CaptchaController.php 18 - 22

  - Parameters [1] {
    Parameter #0 [ <optional> $id = '' ]
  }
}

[ info ] [ SESSION ] INIT array (
  'id' => '',
  'var_session_id' => '',
  'prefix' => 'think',
  'type' => '',
  'auto_start' => true,
)
[ info ] [ LOG ] INIT File

---------------------------------------------------------------
[ 2019-07-25T08:49:35+08:00 ] 127.0.0.1 127.0.0.1 GET /forum/common/login.html?userEmail=2722279500%40qq.com&userPass=123456&userVerifyCode=
[ log ] www.layuicms.cc/forum/common/login.html?userEmail=2722279500%40qq.com&userPass=123456&userVerifyCode= [运行时间：0.063000s][吞吐率：15.87req/s] [内存消耗：2,362.66kb] [文件加载：53]
[ info ] [ ROUTE ] array (
  'type' => 'module',
  'module' => 
  array (
    0 => 'forum',
    1 => 'common',
    2 => 'login',
  ),
)
[ info ] [ HEADER ] array (
  'host' => 'www.layuicms.cc',
  'connection' => 'keep-alive',
  'upgrade-insecure-requests' => '1',
  'user-agent' => 'Mozilla/5.0 (Windows NT 6.1; WOW64) AppleWebKit/537.36 (KHTML, like Gecko) Chrome/69.0.3497.100 Safari/537.36',
  'accept' => 'text/html,application/xhtml+xml,application/xml;q=0.9,image/webp,image/apng,*/*;q=0.8',
  'referer' => 'http://www.layuicms.cc/forum/common/login.html',
  'accept-encoding' => 'gzip, deflate',
  'accept-language' => 'zh-CN,zh;q=0.9',
  'cookie' => 'pgv_pvi=7679657984; UM_distinctid=16c0e93d6ea46e-0424c4b7df7763-43450521-1fa400-16c0e93d6ec7e0; CNZZDATA30088308=cnzz_eid%3D1057765405-1563610178-%26ntime%3D1563941981; PHPSESSID=27eopfejodq6f63rlbic7kois7',
)
[ info ] [ PARAM ] array (
  '/forum/common/login_html' => '',
  'userEmail' => '2722279500@qq.com',
  'userPass' => '123456',
  'userVerifyCode' => '',
)
[ info ] [ DB ] INIT mysql
[ info ] [ RUN ] /**
     * [login 登录页面]
     * @return [type] [description]
     */
Method [ <user> public method login ] {
  @@ D:\phpStudy\PHPTutorial\WWW\layuicms\application\forum\controller\Common.php 39 - 43
}

[ info ] [ VIEW ] D:\phpStudy\PHPTutorial\WWW\layuicms/application/forum\view\common\login.html [ array (
  0 => 'getConfig',
  1 => 'getSeoTitle',
) ]
[ info ] [ LOG ] INIT File
[ sql ] [ DB ] CONNECT:[ UseTime:0.010000s ] mysql:dbname=layuicms;host=127.0.0.1;charset=utf8
[ sql ] [ SQL ] SHOW COLUMNS FROM `tp_config` [ RunTime:0.004000s ]
[ sql ] [ SQL ] SELECT `name`,`value` FROM `tp_config` WHERE  `type` = 'forum'   [ RunTime:0.000000s ]

---------------------------------------------------------------
[ 2019-07-25T08:49:35+08:00 ] 127.0.0.1 127.0.0.1 GET /captcha.html
[ log ] www.layuicms.cc/captcha.html [运行时间：0.021000s][吞吐率：47.62req/s] [内存消耗：1,294.80kb] [文件加载：35]
[ info ] [ ROUTE ] array (
  'type' => 'method',
  'method' => 
  array (
    0 => '\\think\\captcha\\CaptchaController',
    1 => 'index',
  ),
)
[ info ] [ HEADER ] array (
  'host' => 'www.layuicms.cc',
  'connection' => 'keep-alive',
  'user-agent' => 'Mozilla/5.0 (Windows NT 6.1; WOW64) AppleWebKit/537.36 (KHTML, like Gecko) Chrome/69.0.3497.100 Safari/537.36',
  'accept' => 'image/webp,image/apng,image/*,*/*;q=0.8',
  'referer' => 'http://www.layuicms.cc/forum/common/login.html?userEmail=2722279500%40qq.com&userPass=123456&userVerifyCode=',
  'accept-encoding' => 'gzip, deflate',
  'accept-language' => 'zh-CN,zh;q=0.9',
  'cookie' => 'pgv_pvi=7679657984; UM_distinctid=16c0e93d6ea46e-0424c4b7df7763-43450521-1fa400-16c0e93d6ec7e0; CNZZDATA30088308=cnzz_eid%3D1057765405-1563610178-%26ntime%3D1563941981; PHPSESSID=27eopfejodq6f63rlbic7kois7',
)
[ info ] [ PARAM ] array (
  '/captcha_html' => '',
  'id' => NULL,
)
[ info ] [ RUN ] Method [ <user> public method index ] {
  @@ D:\phpStudy\PHPTutorial\WWW\layuicms\vendor\topthink\think-captcha\src\CaptchaController.php 18 - 22

  - Parameters [1] {
    Parameter #0 [ <optional> $id = '' ]
  }
}

[ info ] [ SESSION ] INIT array (
  'id' => '',
  'var_session_id' => '',
  'prefix' => 'think',
  'type' => '',
  'auto_start' => true,
)
[ info ] [ LOG ] INIT File

---------------------------------------------------------------
[ 2019-07-25T08:50:04+08:00 ] 127.0.0.1 127.0.0.1 GET /forum/common/login.html?userEmail=2722279500%40qq.com&userPass=123456&userVerifyCode=
[ log ] www.layuicms.cc/forum/common/login.html?userEmail=2722279500%40qq.com&userPass=123456&userVerifyCode= [运行时间：0.065000s][吞吐率：15.38req/s] [内存消耗：2,510.91kb] [文件加载：55]
[ info ] [ ROUTE ] array (
  'type' => 'module',
  'module' => 
  array (
    0 => 'forum',
    1 => 'common',
    2 => 'login',
  ),
)
[ info ] [ HEADER ] array (
  'host' => 'www.layuicms.cc',
  'connection' => 'keep-alive',
  'cache-control' => 'max-age=0',
  'upgrade-insecure-requests' => '1',
  'user-agent' => 'Mozilla/5.0 (Windows NT 6.1; WOW64) AppleWebKit/537.36 (KHTML, like Gecko) Chrome/69.0.3497.100 Safari/537.36',
  'accept' => 'text/html,application/xhtml+xml,application/xml;q=0.9,image/webp,image/apng,*/*;q=0.8',
  'referer' => 'http://www.layuicms.cc/forum/common/login.html',
  'accept-encoding' => 'gzip, deflate',
  'accept-language' => 'zh-CN,zh;q=0.9',
  'cookie' => 'pgv_pvi=7679657984; UM_distinctid=16c0e93d6ea46e-0424c4b7df7763-43450521-1fa400-16c0e93d6ec7e0; CNZZDATA30088308=cnzz_eid%3D1057765405-1563610178-%26ntime%3D1563941981; PHPSESSID=27eopfejodq6f63rlbic7kois7',
)
[ info ] [ PARAM ] array (
  '/forum/common/login_html' => '',
  'userEmail' => '2722279500@qq.com',
  'userPass' => '123456',
  'userVerifyCode' => '',
)
[ info ] [ DB ] INIT mysql
[ info ] [ RUN ] /**
     * [login 登录页面]
     * @return [type] [description]
     */
Method [ <user> public method login ] {
  @@ D:\phpStudy\PHPTutorial\WWW\layuicms\application\forum\controller\Common.php 39 - 43
}

[ info ] [ VIEW ] D:\phpStudy\PHPTutorial\WWW\layuicms/application/forum\view\common\login.html [ array (
  0 => 'getConfig',
  1 => 'getSeoTitle',
) ]
[ info ] [ LOG ] INIT File
[ sql ] [ DB ] CONNECT:[ UseTime:0.000000s ] mysql:dbname=layuicms;host=127.0.0.1;charset=utf8
[ sql ] [ SQL ] SHOW COLUMNS FROM `tp_config` [ RunTime:0.004000s ]
[ sql ] [ SQL ] SELECT `name`,`value` FROM `tp_config` WHERE  `type` = 'forum'   [ RunTime:0.000000s ]

---------------------------------------------------------------
[ 2019-07-25T08:50:04+08:00 ] 127.0.0.1 127.0.0.1 GET /captcha.html
[ log ] www.layuicms.cc/captcha.html [运行时间：0.036000s][吞吐率：27.78req/s] [内存消耗：1,294.82kb] [文件加载：35]
[ info ] [ ROUTE ] array (
  'type' => 'method',
  'method' => 
  array (
    0 => '\\think\\captcha\\CaptchaController',
    1 => 'index',
  ),
)
[ info ] [ HEADER ] array (
  'host' => 'www.layuicms.cc',
  'connection' => 'keep-alive',
  'user-agent' => 'Mozilla/5.0 (Windows NT 6.1; WOW64) AppleWebKit/537.36 (KHTML, like Gecko) Chrome/69.0.3497.100 Safari/537.36',
  'accept' => 'image/webp,image/apng,image/*,*/*;q=0.8',
  'referer' => 'http://www.layuicms.cc/forum/common/login.html?userEmail=2722279500%40qq.com&userPass=123456&userVerifyCode=',
  'accept-encoding' => 'gzip, deflate',
  'accept-language' => 'zh-CN,zh;q=0.9',
  'cookie' => 'pgv_pvi=7679657984; UM_distinctid=16c0e93d6ea46e-0424c4b7df7763-43450521-1fa400-16c0e93d6ec7e0; CNZZDATA30088308=cnzz_eid%3D1057765405-1563610178-%26ntime%3D1563941981; PHPSESSID=27eopfejodq6f63rlbic7kois7',
)
[ info ] [ PARAM ] array (
  '/captcha_html' => '',
  'id' => NULL,
)
[ info ] [ RUN ] Method [ <user> public method index ] {
  @@ D:\phpStudy\PHPTutorial\WWW\layuicms\vendor\topthink\think-captcha\src\CaptchaController.php 18 - 22

  - Parameters [1] {
    Parameter #0 [ <optional> $id = '' ]
  }
}

[ info ] [ SESSION ] INIT array (
  'id' => '',
  'var_session_id' => '',
  'prefix' => 'think',
  'type' => '',
  'auto_start' => true,
)
[ info ] [ LOG ] INIT File

---------------------------------------------------------------
[ 2019-07-25T08:50:24+08:00 ] 127.0.0.1 127.0.0.1 GET /forum/common/login.html?userEmail=2722279500%40qq.com&userPass=123456&userVerifyCode=
[ log ] www.layuicms.cc/forum/common/login.html?userEmail=2722279500%40qq.com&userPass=123456&userVerifyCode= [运行时间：0.051000s][吞吐率：19.61req/s] [内存消耗：2,510.99kb] [文件加载：55]
[ info ] [ ROUTE ] array (
  'type' => 'module',
  'module' => 
  array (
    0 => 'forum',
    1 => 'common',
    2 => 'login',
  ),
)
[ info ] [ HEADER ] array (
  'host' => 'www.layuicms.cc',
  'connection' => 'keep-alive',
  'cache-control' => 'max-age=0',
  'upgrade-insecure-requests' => '1',
  'user-agent' => 'Mozilla/5.0 (Windows NT 6.1; WOW64) AppleWebKit/537.36 (KHTML, like Gecko) Chrome/69.0.3497.100 Safari/537.36',
  'accept' => 'text/html,application/xhtml+xml,application/xml;q=0.9,image/webp,image/apng,*/*;q=0.8',
  'referer' => 'http://www.layuicms.cc/forum/common/login.html',
  'accept-encoding' => 'gzip, deflate',
  'accept-language' => 'zh-CN,zh;q=0.9',
  'cookie' => 'pgv_pvi=7679657984; UM_distinctid=16c0e93d6ea46e-0424c4b7df7763-43450521-1fa400-16c0e93d6ec7e0; CNZZDATA30088308=cnzz_eid%3D1057765405-1563610178-%26ntime%3D1563941981; PHPSESSID=27eopfejodq6f63rlbic7kois7',
)
[ info ] [ PARAM ] array (
  '/forum/common/login_html' => '',
  'userEmail' => '2722279500@qq.com',
  'userPass' => '123456',
  'userVerifyCode' => '',
)
[ info ] [ DB ] INIT mysql
[ info ] [ RUN ] /**
     * [login 登录页面]
     * @return [type] [description]
     */
Method [ <user> public method login ] {
  @@ D:\phpStudy\PHPTutorial\WWW\layuicms\application\forum\controller\Common.php 39 - 43
}

[ info ] [ VIEW ] D:\phpStudy\PHPTutorial\WWW\layuicms/application/forum\view\common\login.html [ array (
  0 => 'getConfig',
  1 => 'getSeoTitle',
) ]
[ info ] [ LOG ] INIT File
[ sql ] [ DB ] CONNECT:[ UseTime:0.001000s ] mysql:dbname=layuicms;host=127.0.0.1;charset=utf8
[ sql ] [ SQL ] SHOW COLUMNS FROM `tp_config` [ RunTime:0.006000s ]
[ sql ] [ SQL ] SELECT `name`,`value` FROM `tp_config` WHERE  `type` = 'forum'   [ RunTime:0.002000s ]

---------------------------------------------------------------
[ 2019-07-25T08:50:24+08:00 ] 127.0.0.1 127.0.0.1 GET /captcha.html
[ log ] www.layuicms.cc/captcha.html [运行时间：0.019000s][吞吐率：52.63req/s] [内存消耗：1,294.83kb] [文件加载：35]
[ info ] [ ROUTE ] array (
  'type' => 'method',
  'method' => 
  array (
    0 => '\\think\\captcha\\CaptchaController',
    1 => 'index',
  ),
)
[ info ] [ HEADER ] array (
  'host' => 'www.layuicms.cc',
  'connection' => 'keep-alive',
  'user-agent' => 'Mozilla/5.0 (Windows NT 6.1; WOW64) AppleWebKit/537.36 (KHTML, like Gecko) Chrome/69.0.3497.100 Safari/537.36',
  'accept' => 'image/webp,image/apng,image/*,*/*;q=0.8',
  'referer' => 'http://www.layuicms.cc/forum/common/login.html?userEmail=2722279500%40qq.com&userPass=123456&userVerifyCode=',
  'accept-encoding' => 'gzip, deflate',
  'accept-language' => 'zh-CN,zh;q=0.9',
  'cookie' => 'pgv_pvi=7679657984; UM_distinctid=16c0e93d6ea46e-0424c4b7df7763-43450521-1fa400-16c0e93d6ec7e0; CNZZDATA30088308=cnzz_eid%3D1057765405-1563610178-%26ntime%3D1563941981; PHPSESSID=27eopfejodq6f63rlbic7kois7',
)
[ info ] [ PARAM ] array (
  '/captcha_html' => '',
  'id' => NULL,
)
[ info ] [ RUN ] Method [ <user> public method index ] {
  @@ D:\phpStudy\PHPTutorial\WWW\layuicms\vendor\topthink\think-captcha\src\CaptchaController.php 18 - 22

  - Parameters [1] {
    Parameter #0 [ <optional> $id = '' ]
  }
}

[ info ] [ SESSION ] INIT array (
  'id' => '',
  'var_session_id' => '',
  'prefix' => 'think',
  'type' => '',
  'auto_start' => true,
)
[ info ] [ LOG ] INIT File

---------------------------------------------------------------
[ 2019-07-25T08:50:37+08:00 ] 127.0.0.1 127.0.0.1 GET /captcha.html?seed=0.5057965180233193
[ log ] www.layuicms.cc/captcha.html?seed=0.5057965180233193 [运行时间：0.042000s][吞吐率：23.81req/s] [内存消耗：1,295.05kb] [文件加载：35]
[ info ] [ ROUTE ] array (
  'type' => 'method',
  'method' => 
  array (
    0 => '\\think\\captcha\\CaptchaController',
    1 => 'index',
  ),
)
[ info ] [ HEADER ] array (
  'host' => 'www.layuicms.cc',
  'connection' => 'keep-alive',
  'user-agent' => 'Mozilla/5.0 (Windows NT 6.1; WOW64) AppleWebKit/537.36 (KHTML, like Gecko) Chrome/69.0.3497.100 Safari/537.36',
  'accept' => 'image/webp,image/apng,image/*,*/*;q=0.8',
  'referer' => 'http://www.layuicms.cc/forum/common/login.html?userEmail=2722279500%40qq.com&userPass=123456&userVerifyCode=',
  'accept-encoding' => 'gzip, deflate',
  'accept-language' => 'zh-CN,zh;q=0.9',
  'cookie' => 'pgv_pvi=7679657984; UM_distinctid=16c0e93d6ea46e-0424c4b7df7763-43450521-1fa400-16c0e93d6ec7e0; CNZZDATA30088308=cnzz_eid%3D1057765405-1563610178-%26ntime%3D1563941981; PHPSESSID=27eopfejodq6f63rlbic7kois7',
)
[ info ] [ PARAM ] array (
  '/captcha_html' => '',
  'seed' => '0.5057965180233193',
  'id' => NULL,
)
[ info ] [ RUN ] Method [ <user> public method index ] {
  @@ D:\phpStudy\PHPTutorial\WWW\layuicms\vendor\topthink\think-captcha\src\CaptchaController.php 18 - 22

  - Parameters [1] {
    Parameter #0 [ <optional> $id = '' ]
  }
}

[ info ] [ SESSION ] INIT array (
  'id' => '',
  'var_session_id' => '',
  'prefix' => 'think',
  'type' => '',
  'auto_start' => true,
)
[ info ] [ LOG ] INIT File

---------------------------------------------------------------
[ 2019-07-25T08:50:40+08:00 ] 127.0.0.1 127.0.0.1 GET /forum/common/login.html?userEmail=2722279500%40qq.com&userPass=123456&userVerifyCode=2ujx
[ log ] www.layuicms.cc/forum/common/login.html?userEmail=2722279500%40qq.com&userPass=123456&userVerifyCode=2ujx [运行时间：0.078000s][吞吐率：12.82req/s] [内存消耗：2,362.79kb] [文件加载：53]
[ info ] [ ROUTE ] array (
  'type' => 'module',
  'module' => 
  array (
    0 => 'forum',
    1 => 'common',
    2 => 'login',
  ),
)
[ info ] [ HEADER ] array (
  'host' => 'www.layuicms.cc',
  'connection' => 'keep-alive',
  'upgrade-insecure-requests' => '1',
  'user-agent' => 'Mozilla/5.0 (Windows NT 6.1; WOW64) AppleWebKit/537.36 (KHTML, like Gecko) Chrome/69.0.3497.100 Safari/537.36',
  'accept' => 'text/html,application/xhtml+xml,application/xml;q=0.9,image/webp,image/apng,*/*;q=0.8',
  'referer' => 'http://www.layuicms.cc/forum/common/login.html?userEmail=2722279500%40qq.com&userPass=123456&userVerifyCode=',
  'accept-encoding' => 'gzip, deflate',
  'accept-language' => 'zh-CN,zh;q=0.9',
  'cookie' => 'pgv_pvi=7679657984; UM_distinctid=16c0e93d6ea46e-0424c4b7df7763-43450521-1fa400-16c0e93d6ec7e0; CNZZDATA30088308=cnzz_eid%3D1057765405-1563610178-%26ntime%3D1563941981; PHPSESSID=27eopfejodq6f63rlbic7kois7',
)
[ info ] [ PARAM ] array (
  '/forum/common/login_html' => '',
  'userEmail' => '2722279500@qq.com',
  'userPass' => '123456',
  'userVerifyCode' => '2ujx',
)
[ info ] [ DB ] INIT mysql
[ info ] [ RUN ] /**
     * [login 登录页面]
     * @return [type] [description]
     */
Method [ <user> public method login ] {
  @@ D:\phpStudy\PHPTutorial\WWW\layuicms\application\forum\controller\Common.php 39 - 43
}

[ info ] [ VIEW ] D:\phpStudy\PHPTutorial\WWW\layuicms/application/forum\view\common\login.html [ array (
  0 => 'getConfig',
  1 => 'getSeoTitle',
) ]
[ info ] [ LOG ] INIT File
[ sql ] [ DB ] CONNECT:[ UseTime:0.010000s ] mysql:dbname=layuicms;host=127.0.0.1;charset=utf8
[ sql ] [ SQL ] SHOW COLUMNS FROM `tp_config` [ RunTime:0.005000s ]
[ sql ] [ SQL ] SELECT `name`,`value` FROM `tp_config` WHERE  `type` = 'forum'   [ RunTime:0.000000s ]

---------------------------------------------------------------
[ 2019-07-25T08:50:41+08:00 ] 127.0.0.1 127.0.0.1 GET /captcha.html
[ log ] www.layuicms.cc/captcha.html [运行时间：0.019000s][吞吐率：52.63req/s] [内存消耗：1,294.81kb] [文件加载：35]
[ info ] [ ROUTE ] array (
  'type' => 'method',
  'method' => 
  array (
    0 => '\\think\\captcha\\CaptchaController',
    1 => 'index',
  ),
)
[ info ] [ HEADER ] array (
  'host' => 'www.layuicms.cc',
  'connection' => 'keep-alive',
  'user-agent' => 'Mozilla/5.0 (Windows NT 6.1; WOW64) AppleWebKit/537.36 (KHTML, like Gecko) Chrome/69.0.3497.100 Safari/537.36',
  'accept' => 'image/webp,image/apng,image/*,*/*;q=0.8',
  'referer' => 'http://www.layuicms.cc/forum/common/login.html?userEmail=2722279500%40qq.com&userPass=123456&userVerifyCode=2ujx',
  'accept-encoding' => 'gzip, deflate',
  'accept-language' => 'zh-CN,zh;q=0.9',
  'cookie' => 'pgv_pvi=7679657984; UM_distinctid=16c0e93d6ea46e-0424c4b7df7763-43450521-1fa400-16c0e93d6ec7e0; CNZZDATA30088308=cnzz_eid%3D1057765405-1563610178-%26ntime%3D1563941981; PHPSESSID=27eopfejodq6f63rlbic7kois7',
)
[ info ] [ PARAM ] array (
  '/captcha_html' => '',
  'id' => NULL,
)
[ info ] [ RUN ] Method [ <user> public method index ] {
  @@ D:\phpStudy\PHPTutorial\WWW\layuicms\vendor\topthink\think-captcha\src\CaptchaController.php 18 - 22

  - Parameters [1] {
    Parameter #0 [ <optional> $id = '' ]
  }
}

[ info ] [ SESSION ] INIT array (
  'id' => '',
  'var_session_id' => '',
  'prefix' => 'think',
  'type' => '',
  'auto_start' => true,
)
[ info ] [ LOG ] INIT File

---------------------------------------------------------------
[ 2019-07-25T08:51:34+08:00 ] 127.0.0.1 127.0.0.1 GET /forum/common/login.html?userEmail=2722279500%40qq.com&userPass=123456&userVerifyCode=2ujx
[ log ] www.layuicms.cc/forum/common/login.html?userEmail=2722279500%40qq.com&userPass=123456&userVerifyCode=2ujx [运行时间：0.056000s][吞吐率：17.86req/s] [内存消耗：2,513.34kb] [文件加载：55]
[ info ] [ ROUTE ] array (
  'type' => 'module',
  'module' => 
  array (
    0 => 'forum',
    1 => 'common',
    2 => 'login',
  ),
)
[ info ] [ HEADER ] array (
  'host' => 'www.layuicms.cc',
  'connection' => 'keep-alive',
  'cache-control' => 'max-age=0',
  'upgrade-insecure-requests' => '1',
  'user-agent' => 'Mozilla/5.0 (Windows NT 6.1; WOW64) AppleWebKit/537.36 (KHTML, like Gecko) Chrome/69.0.3497.100 Safari/537.36',
  'accept' => 'text/html,application/xhtml+xml,application/xml;q=0.9,image/webp,image/apng,*/*;q=0.8',
  'referer' => 'http://www.layuicms.cc/forum/common/login.html?userEmail=2722279500%40qq.com&userPass=123456&userVerifyCode=',
  'accept-encoding' => 'gzip, deflate',
  'accept-language' => 'zh-CN,zh;q=0.9',
  'cookie' => 'pgv_pvi=7679657984; UM_distinctid=16c0e93d6ea46e-0424c4b7df7763-43450521-1fa400-16c0e93d6ec7e0; CNZZDATA30088308=cnzz_eid%3D1057765405-1563610178-%26ntime%3D1563941981; PHPSESSID=27eopfejodq6f63rlbic7kois7',
)
[ info ] [ PARAM ] array (
  '/forum/common/login_html' => '',
  'userEmail' => '2722279500@qq.com',
  'userPass' => '123456',
  'userVerifyCode' => '2ujx',
)
[ info ] [ DB ] INIT mysql
[ info ] [ RUN ] /**
     * [login 登录页面]
     * @return [type] [description]
     */
Method [ <user> public method login ] {
  @@ D:\phpStudy\PHPTutorial\WWW\layuicms\application\forum\controller\Common.php 39 - 43
}

[ info ] [ VIEW ] D:\phpStudy\PHPTutorial\WWW\layuicms/application/forum\view\common\login.html [ array (
  0 => 'getConfig',
  1 => 'getSeoTitle',
) ]
[ info ] [ LOG ] INIT File
[ sql ] [ DB ] CONNECT:[ UseTime:0.001000s ] mysql:dbname=layuicms;host=127.0.0.1;charset=utf8
[ sql ] [ SQL ] SHOW COLUMNS FROM `tp_config` [ RunTime:0.004000s ]
[ sql ] [ SQL ] SELECT `name`,`value` FROM `tp_config` WHERE  `type` = 'forum'   [ RunTime:0.000000s ]

---------------------------------------------------------------
[ 2019-07-25T08:51:34+08:00 ] 127.0.0.1 127.0.0.1 GET /captcha.html
[ log ] www.layuicms.cc/captcha.html [运行时间：0.023000s][吞吐率：43.48req/s] [内存消耗：1,294.82kb] [文件加载：35]
[ info ] [ ROUTE ] array (
  'type' => 'method',
  'method' => 
  array (
    0 => '\\think\\captcha\\CaptchaController',
    1 => 'index',
  ),
)
[ info ] [ HEADER ] array (
  'host' => 'www.layuicms.cc',
  'connection' => 'keep-alive',
  'user-agent' => 'Mozilla/5.0 (Windows NT 6.1; WOW64) AppleWebKit/537.36 (KHTML, like Gecko) Chrome/69.0.3497.100 Safari/537.36',
  'accept' => 'image/webp,image/apng,image/*,*/*;q=0.8',
  'referer' => 'http://www.layuicms.cc/forum/common/login.html?userEmail=2722279500%40qq.com&userPass=123456&userVerifyCode=2ujx',
  'accept-encoding' => 'gzip, deflate',
  'accept-language' => 'zh-CN,zh;q=0.9',
  'cookie' => 'pgv_pvi=7679657984; UM_distinctid=16c0e93d6ea46e-0424c4b7df7763-43450521-1fa400-16c0e93d6ec7e0; CNZZDATA30088308=cnzz_eid%3D1057765405-1563610178-%26ntime%3D1563941981; PHPSESSID=27eopfejodq6f63rlbic7kois7',
)
[ info ] [ PARAM ] array (
  '/captcha_html' => '',
  'id' => NULL,
)
[ info ] [ RUN ] Method [ <user> public method index ] {
  @@ D:\phpStudy\PHPTutorial\WWW\layuicms\vendor\topthink\think-captcha\src\CaptchaController.php 18 - 22

  - Parameters [1] {
    Parameter #0 [ <optional> $id = '' ]
  }
}

[ info ] [ SESSION ] INIT array (
  'id' => '',
  'var_session_id' => '',
  'prefix' => 'think',
  'type' => '',
  'auto_start' => true,
)
[ info ] [ LOG ] INIT File

---------------------------------------------------------------
[ 2019-07-25T08:51:47+08:00 ] 127.0.0.1 127.0.0.1 POST /forum/common/loginpublish.html
[ log ] www.layuicms.cc/forum/common/loginpublish.html [运行时间：0.085000s][吞吐率：11.76req/s] [内存消耗：2,394.09kb] [文件加载：56]
[ info ] [ ROUTE ] array (
  'type' => 'module',
  'module' => 
  array (
    0 => 'forum',
    1 => 'common',
    2 => 'loginpublish',
  ),
)
[ info ] [ HEADER ] array (
  'host' => 'www.layuicms.cc',
  'connection' => 'keep-alive',
  'pragma' => 'no-cache',
  'cache-control' => 'no-cache',
  'accept' => 'application/json, text/javascript, */*; q=0.01',
  'origin' => 'http://www.layuicms.cc',
  'x-requested-with' => 'XMLHttpRequest',
  'user-agent' => 'Mozilla/5.0 (Windows NT 6.1; WOW64) AppleWebKit/537.36 (KHTML, like Gecko) Chrome/69.0.3497.100 Safari/537.36',
  'referer' => 'http://www.layuicms.cc/forum/common/login.html?userEmail=2722279500%40qq.com&userPass=123456&userVerifyCode=2ujx',
  'accept-encoding' => 'gzip, deflate',
  'accept-language' => 'zh-CN,zh;q=0.9',
  'cookie' => 'pgv_pvi=7679657984; UM_distinctid=16c0e93d6ea46e-0424c4b7df7763-43450521-1fa400-16c0e93d6ec7e0; CNZZDATA30088308=cnzz_eid%3D1057765405-1563610178-%26ntime%3D1563941981; PHPSESSID=27eopfejodq6f63rlbic7kois7',
  'content-type' => 'application/x-www-form-urlencoded; charset=UTF-8',
  'content-length' => '64',
)
[ info ] [ PARAM ] array (
  '/forum/common/loginpublish_html' => '',
  'userEmail' => '2722279500@qq.com',
  'userPass' => '123456',
  'userVerifyCode' => '111',
)
[ info ] [ DB ] INIT mysql
[ info ] [ RUN ] /**
     * [loginPublish 登录表单添加]
     * @return [type] [description]
     */
Method [ <user> public method loginPublish ] {
  @@ D:\phpStudy\PHPTutorial\WWW\layuicms\application\forum\controller\Common.php 48 - 52
}

[ info ] [ LANG ] D:\phpStudy\PHPTutorial\WWW\layuicms\thinkphp\lang\zh-cn.php
[ info ] [ LANG ] D:\phpStudy\PHPTutorial\WWW\layuicms\thinkphp\lang\zh-cn.php
[ info ] [ LOG ] INIT File
[ sql ] [ DB ] CONNECT:[ UseTime:0.001000s ] mysql:dbname=layuicms;host=127.0.0.1;charset=utf8
[ sql ] [ SQL ] SHOW COLUMNS FROM `tp_config` [ RunTime:0.005000s ]
[ sql ] [ SQL ] SELECT `name`,`value` FROM `tp_config` WHERE  `type` = 'forum'   [ RunTime:0.001000s ]
[ error ] [0]method not exist:think\db\Query->loginPublish[D:\phpStudy\PHPTutorial\WWW\layuicms\thinkphp\library\think\db\Query.php:95]

---------------------------------------------------------------
[ 2019-07-25T08:52:41+08:00 ] 127.0.0.1 127.0.0.1 POST /forum/common/loginpublish.html
[ log ] www.layuicms.cc/forum/common/loginpublish.html [运行时间：0.036000s][吞吐率：27.78req/s] [内存消耗：2,301.52kb] [文件加载：50]
[ info ] [ ROUTE ] array (
  'type' => 'module',
  'module' => 
  array (
    0 => 'forum',
    1 => 'common',
    2 => 'loginpublish',
  ),
)
[ info ] [ HEADER ] array (
  'host' => 'www.layuicms.cc',
  'connection' => 'keep-alive',
  'pragma' => 'no-cache',
  'cache-control' => 'no-cache',
  'accept' => 'application/json, text/javascript, */*; q=0.01',
  'origin' => 'http://www.layuicms.cc',
  'x-requested-with' => 'XMLHttpRequest',
  'user-agent' => 'Mozilla/5.0 (Windows NT 6.1; WOW64) AppleWebKit/537.36 (KHTML, like Gecko) Chrome/69.0.3497.100 Safari/537.36',
  'referer' => 'http://www.layuicms.cc/forum/common/login.html?userEmail=2722279500%40qq.com&userPass=123456&userVerifyCode=2ujx',
  'accept-encoding' => 'gzip, deflate',
  'accept-language' => 'zh-CN,zh;q=0.9',
  'cookie' => 'pgv_pvi=7679657984; UM_distinctid=16c0e93d6ea46e-0424c4b7df7763-43450521-1fa400-16c0e93d6ec7e0; CNZZDATA30088308=cnzz_eid%3D1057765405-1563610178-%26ntime%3D1563941981; PHPSESSID=27eopfejodq6f63rlbic7kois7; think_var=zh-cn',
  'content-type' => 'application/x-www-form-urlencoded; charset=UTF-8',
  'content-length' => '64',
)
[ info ] [ PARAM ] array (
  '/forum/common/loginpublish_html' => '',
  'userEmail' => '2722279500@qq.com',
  'userPass' => '123456',
  'userVerifyCode' => '111',
)
[ info ] [ DB ] INIT mysql
[ info ] [ RUN ] /**
     * [loginPublish 登录表单添加]
     * @return [type] [description]
     */
Method [ <user> public method loginPublish ] {
  @@ D:\phpStudy\PHPTutorial\WWW\layuicms\application\forum\controller\Common.php 48 - 52
}

[ info ] [ LOG ] INIT File
[ sql ] [ DB ] CONNECT:[ UseTime:0.001000s ] mysql:dbname=layuicms;host=127.0.0.1;charset=utf8
[ sql ] [ SQL ] SHOW COLUMNS FROM `tp_config` [ RunTime:0.007000s ]
[ sql ] [ SQL ] SELECT `name`,`value` FROM `tp_config` WHERE  `type` = 'forum'   [ RunTime:0.001000s ]

---------------------------------------------------------------
[ 2019-07-25T08:53:14+08:00 ] 127.0.0.1 127.0.0.1 POST /forum/common/loginpublish.html
[ log ] www.layuicms.cc/forum/common/loginpublish.html [运行时间：0.068000s][吞吐率：14.71req/s] [内存消耗：2,382.05kb] [文件加载：51]
[ info ] [ ROUTE ] array (
  'type' => 'module',
  'module' => 
  array (
    0 => 'forum',
    1 => 'common',
    2 => 'loginpublish',
  ),
)
[ info ] [ HEADER ] array (
  'host' => 'www.layuicms.cc',
  'connection' => 'keep-alive',
  'pragma' => 'no-cache',
  'cache-control' => 'no-cache',
  'accept' => 'application/json, text/javascript, */*; q=0.01',
  'origin' => 'http://www.layuicms.cc',
  'x-requested-with' => 'XMLHttpRequest',
  'user-agent' => 'Mozilla/5.0 (Windows NT 6.1; WOW64) AppleWebKit/537.36 (KHTML, like Gecko) Chrome/69.0.3497.100 Safari/537.36',
  'referer' => 'http://www.layuicms.cc/forum/common/login.html?userEmail=2722279500%40qq.com&userPass=123456&userVerifyCode=2ujx',
  'accept-encoding' => 'gzip, deflate',
  'accept-language' => 'zh-CN,zh;q=0.9',
  'cookie' => 'pgv_pvi=7679657984; UM_distinctid=16c0e93d6ea46e-0424c4b7df7763-43450521-1fa400-16c0e93d6ec7e0; CNZZDATA30088308=cnzz_eid%3D1057765405-1563610178-%26ntime%3D1563941981; PHPSESSID=27eopfejodq6f63rlbic7kois7; think_var=zh-cn',
  'content-type' => 'application/x-www-form-urlencoded; charset=UTF-8',
  'content-length' => '64',
)
[ info ] [ PARAM ] array (
  '/forum/common/loginpublish_html' => '',
  'userEmail' => '2722279500@qq.com',
  'userPass' => '123456',
  'userVerifyCode' => '111',
)
[ info ] [ DB ] INIT mysql
[ info ] [ RUN ] /**
     * [loginPublish 登录表单添加]
     * @return [type] [description]
     */
Method [ <user> public method loginPublish ] {
  @@ D:\phpStudy\PHPTutorial\WWW\layuicms\application\forum\controller\Common.php 48 - 52
}

[ info ] [ SESSION ] INIT array (
  'id' => '',
  'var_session_id' => '',
  'prefix' => 'think',
  'type' => '',
  'auto_start' => true,
)
[ info ] [ LOG ] INIT File
[ sql ] [ DB ] CONNECT:[ UseTime:0.011000s ] mysql:dbname=layuicms;host=127.0.0.1;charset=utf8
[ sql ] [ SQL ] SHOW COLUMNS FROM `tp_config` [ RunTime:0.004000s ]
[ sql ] [ SQL ] SELECT `name`,`value` FROM `tp_config` WHERE  `type` = 'forum'   [ RunTime:0.000000s ]

---------------------------------------------------------------
[ 2019-07-25T08:53:15+08:00 ] 127.0.0.1 127.0.0.1 GET /captcha?id=1564015995
[ log ] www.layuicms.cc/captcha?id=1564015995 [运行时间：0.045000s][吞吐率：22.22req/s] [内存消耗：1,295.18kb] [文件加载：35]
[ info ] [ ROUTE ] array (
  'type' => 'method',
  'method' => 
  array (
    0 => '\\think\\captcha\\CaptchaController',
    1 => 'index',
  ),
)
[ info ] [ HEADER ] array (
  'host' => 'www.layuicms.cc',
  'connection' => 'keep-alive',
  'pragma' => 'no-cache',
  'cache-control' => 'no-cache',
  'user-agent' => 'Mozilla/5.0 (Windows NT 6.1; WOW64) AppleWebKit/537.36 (KHTML, like Gecko) Chrome/69.0.3497.100 Safari/537.36',
  'accept' => 'image/webp,image/apng,image/*,*/*;q=0.8',
  'referer' => 'http://www.layuicms.cc/forum/common/login.html?userEmail=2722279500%40qq.com&userPass=123456&userVerifyCode=2ujx',
  'accept-encoding' => 'gzip, deflate',
  'accept-language' => 'zh-CN,zh;q=0.9',
  'cookie' => 'pgv_pvi=7679657984; UM_distinctid=16c0e93d6ea46e-0424c4b7df7763-43450521-1fa400-16c0e93d6ec7e0; CNZZDATA30088308=cnzz_eid%3D1057765405-1563610178-%26ntime%3D1563941981; PHPSESSID=27eopfejodq6f63rlbic7kois7; think_var=zh-cn',
)
[ info ] [ PARAM ] array (
  '/captcha' => '',
  'id' => NULL,
)
[ info ] [ RUN ] Method [ <user> public method index ] {
  @@ D:\phpStudy\PHPTutorial\WWW\layuicms\vendor\topthink\think-captcha\src\CaptchaController.php 18 - 22

  - Parameters [1] {
    Parameter #0 [ <optional> $id = '' ]
  }
}

[ info ] [ SESSION ] INIT array (
  'id' => '',
  'var_session_id' => '',
  'prefix' => 'think',
  'type' => '',
  'auto_start' => true,
)
[ info ] [ LOG ] INIT File

---------------------------------------------------------------
[ 2019-07-25T08:53:21+08:00 ] 127.0.0.1 127.0.0.1 POST /forum/common/loginpublish.html
[ log ] www.layuicms.cc/forum/common/loginpublish.html [运行时间：0.080000s][吞吐率：12.50req/s] [内存消耗：2,402.52kb] [文件加载：52]
[ info ] [ ROUTE ] array (
  'type' => 'module',
  'module' => 
  array (
    0 => 'forum',
    1 => 'common',
    2 => 'loginpublish',
  ),
)
[ info ] [ HEADER ] array (
  'host' => 'www.layuicms.cc',
  'connection' => 'keep-alive',
  'pragma' => 'no-cache',
  'cache-control' => 'no-cache',
  'accept' => 'application/json, text/javascript, */*; q=0.01',
  'origin' => 'http://www.layuicms.cc',
  'x-requested-with' => 'XMLHttpRequest',
  'user-agent' => 'Mozilla/5.0 (Windows NT 6.1; WOW64) AppleWebKit/537.36 (KHTML, like Gecko) Chrome/69.0.3497.100 Safari/537.36',
  'referer' => 'http://www.layuicms.cc/forum/common/login.html?userEmail=2722279500%40qq.com&userPass=123456&userVerifyCode=2ujx',
  'accept-encoding' => 'gzip, deflate',
  'accept-language' => 'zh-CN,zh;q=0.9',
  'cookie' => 'pgv_pvi=7679657984; UM_distinctid=16c0e93d6ea46e-0424c4b7df7763-43450521-1fa400-16c0e93d6ec7e0; CNZZDATA30088308=cnzz_eid%3D1057765405-1563610178-%26ntime%3D1563941981; PHPSESSID=27eopfejodq6f63rlbic7kois7; think_var=zh-cn',
  'content-type' => 'application/x-www-form-urlencoded; charset=UTF-8',
  'content-length' => '65',
)
[ info ] [ PARAM ] array (
  '/forum/common/loginpublish_html' => '',
  'userEmail' => '2722279500@qq.com',
  'userPass' => '123456',
  'userVerifyCode' => 'qtfw',
)
[ info ] [ DB ] INIT mysql
[ info ] [ RUN ] /**
     * [loginPublish 登录表单添加]
     * @return [type] [description]
     */
Method [ <user> public method loginPublish ] {
  @@ D:\phpStudy\PHPTutorial\WWW\layuicms\application\forum\controller\Common.php 48 - 52
}

[ info ] [ SESSION ] INIT array (
  'id' => '',
  'var_session_id' => '',
  'prefix' => 'think',
  'type' => '',
  'auto_start' => true,
)
[ info ] [ LOG ] INIT File
[ sql ] [ DB ] CONNECT:[ UseTime:0.011000s ] mysql:dbname=layuicms;host=127.0.0.1;charset=utf8
[ sql ] [ SQL ] SHOW COLUMNS FROM `tp_config` [ RunTime:0.005000s ]
[ sql ] [ SQL ] SELECT `name`,`value` FROM `tp_config` WHERE  `type` = 'forum'   [ RunTime:0.001000s ]

---------------------------------------------------------------
[ 2019-07-25T09:57:08+08:00 ] 127.0.0.1 127.0.0.1 GET /forum/common/login.html?userEmail=2722279500%40qq.com&userPass=123456&userVerifyCode=2ujx
[ log ] www.layuicms.cc/forum/common/login.html?userEmail=2722279500%40qq.com&userPass=123456&userVerifyCode=2ujx [运行时间：0.052000s][吞吐率：19.23req/s] [内存消耗：2,366.06kb] [文件加载：53]
[ info ] [ ROUTE ] array (
  'type' => 'module',
  'module' => 
  array (
    0 => 'forum',
    1 => 'common',
    2 => 'login',
  ),
)
[ info ] [ HEADER ] array (
  'host' => 'www.layuicms.cc',
  'connection' => 'keep-alive',
  'cache-control' => 'max-age=0',
  'upgrade-insecure-requests' => '1',
  'user-agent' => 'Mozilla/5.0 (Windows NT 6.1; WOW64) AppleWebKit/537.36 (KHTML, like Gecko) Chrome/69.0.3497.100 Safari/537.36',
  'accept' => 'text/html,application/xhtml+xml,application/xml;q=0.9,image/webp,image/apng,*/*;q=0.8',
  'referer' => 'http://www.layuicms.cc/forum/common/login.html?userEmail=2722279500%40qq.com&userPass=123456&userVerifyCode=',
  'accept-encoding' => 'gzip, deflate',
  'accept-language' => 'zh-CN,zh;q=0.9',
  'cookie' => 'pgv_pvi=7679657984; UM_distinctid=16c0e93d6ea46e-0424c4b7df7763-43450521-1fa400-16c0e93d6ec7e0; CNZZDATA30088308=cnzz_eid%3D1057765405-1563610178-%26ntime%3D1563941981; PHPSESSID=27eopfejodq6f63rlbic7kois7',
)
[ info ] [ PARAM ] array (
  '/forum/common/login_html' => '',
  'userEmail' => '2722279500@qq.com',
  'userPass' => '123456',
  'userVerifyCode' => '2ujx',
)
[ info ] [ DB ] INIT mysql
[ info ] [ RUN ] /**
     * [login 登录页面]
     * @return [type] [description]
     */
Method [ <user> public method login ] {
  @@ D:\phpStudy\PHPTutorial\WWW\layuicms\application\forum\controller\Common.php 39 - 43
}

[ info ] [ VIEW ] D:\phpStudy\PHPTutorial\WWW\layuicms/application/forum\view\common\login.html [ array (
  0 => 'getConfig',
  1 => 'getSeoTitle',
) ]
[ info ] [ LOG ] INIT File
[ sql ] [ DB ] CONNECT:[ UseTime:0.002000s ] mysql:dbname=layuicms;host=127.0.0.1;charset=utf8
[ sql ] [ SQL ] SHOW COLUMNS FROM `tp_config` [ RunTime:0.005000s ]
[ sql ] [ SQL ] SELECT `name`,`value` FROM `tp_config` WHERE  `type` = 'forum'   [ RunTime:0.000000s ]

---------------------------------------------------------------
[ 2019-07-25T09:57:08+08:00 ] 127.0.0.1 127.0.0.1 GET /captcha.html
[ log ] www.layuicms.cc/captcha.html [运行时间：0.023000s][吞吐率：43.48req/s] [内存消耗：1,294.87kb] [文件加载：35]
[ info ] [ ROUTE ] array (
  'type' => 'method',
  'method' => 
  array (
    0 => '\\think\\captcha\\CaptchaController',
    1 => 'index',
  ),
)
[ info ] [ HEADER ] array (
  'host' => 'www.layuicms.cc',
  'connection' => 'keep-alive',
  'user-agent' => 'Mozilla/5.0 (Windows NT 6.1; WOW64) AppleWebKit/537.36 (KHTML, like Gecko) Chrome/69.0.3497.100 Safari/537.36',
  'accept' => 'image/webp,image/apng,image/*,*/*;q=0.8',
  'referer' => 'http://www.layuicms.cc/forum/common/login.html?userEmail=2722279500%40qq.com&userPass=123456&userVerifyCode=2ujx',
  'accept-encoding' => 'gzip, deflate',
  'accept-language' => 'zh-CN,zh;q=0.9',
  'cookie' => 'pgv_pvi=7679657984; UM_distinctid=16c0e93d6ea46e-0424c4b7df7763-43450521-1fa400-16c0e93d6ec7e0; CNZZDATA30088308=cnzz_eid%3D1057765405-1563610178-%26ntime%3D1563941981; PHPSESSID=27eopfejodq6f63rlbic7kois7',
)
[ info ] [ PARAM ] array (
  '/captcha_html' => '',
  'id' => NULL,
)
[ info ] [ RUN ] Method [ <user> public method index ] {
  @@ D:\phpStudy\PHPTutorial\WWW\layuicms\vendor\topthink\think-captcha\src\CaptchaController.php 18 - 22

  - Parameters [1] {
    Parameter #0 [ <optional> $id = '' ]
  }
}

[ info ] [ SESSION ] INIT array (
  'id' => '',
  'var_session_id' => '',
  'prefix' => 'think',
  'type' => '',
  'auto_start' => true,
)
[ info ] [ LOG ] INIT File

---------------------------------------------------------------
